mode: set
github.com/NVIDIA/KAI-scheduler/pkg/apis/client/clientset/versioned/typed/scheduling/v1alpha2/fake/fake_bindrequest.go:21.114,28.33 1 0
github.com/NVIDIA/KAI-scheduler/pkg/apis/client/clientset/versioned/typed/scheduling/v1alpha2/fake/fake_bindrequest.go:28.33,28.67 1 0
github.com/NVIDIA/KAI-scheduler/pkg/apis/client/clientset/versioned/typed/scheduling/v1alpha2/fake/fake_bindrequest.go:29.37,29.75 1 0
github.com/NVIDIA/KAI-scheduler/pkg/apis/client/clientset/versioned/typed/scheduling/v1alpha2/fake/fake_bindrequest.go:30.45,30.76 1 0
github.com/NVIDIA/KAI-scheduler/pkg/apis/client/clientset/versioned/typed/scheduling/v1alpha2/fake/fake_bindrequest.go:31.65,33.5 1 0
github.com/NVIDIA/KAI-scheduler/pkg/apis/client/clientset/versioned/typed/scheduling/v1alpha2/fake/fake_bindrequest.go:34.72,36.5 1 0
github.com/NVIDIA/KAI-scheduler/pkg/apis/client/clientset/versioned/typed/scheduling/v1alpha2/fake/fake_scheduling_client.go:19.95,21.2 1 0
github.com/NVIDIA/KAI-scheduler/pkg/apis/client/clientset/versioned/typed/scheduling/v1alpha2/fake/fake_scheduling_client.go:25.62,28.2 2 0
github.com/NVIDIA/KAI-scheduler/pkg/apis/client/clientset/versioned/typed/scheduling/v1alpha2/bindrequest.go:47.83,54.43 1 0
github.com/NVIDIA/KAI-scheduler/pkg/apis/client/clientset/versioned/typed/scheduling/v1alpha2/bindrequest.go:54.43,54.87 1 0
github.com/NVIDIA/KAI-scheduler/pkg/apis/client/clientset/versioned/typed/scheduling/v1alpha2/bindrequest.go:55.47,55.95 1 0
github.com/NVIDIA/KAI-scheduler/pkg/apis/client/clientset/versioned/typed/scheduling/v1alpha2/scheduling_client.go:27.88,29.2 1 0
github.com/NVIDIA/KAI-scheduler/pkg/apis/client/clientset/versioned/typed/scheduling/v1alpha2/scheduling_client.go:34.70,36.51 2 0
github.com/NVIDIA/KAI-scheduler/pkg/apis/client/clientset/versioned/typed/scheduling/v1alpha2/scheduling_client.go:36.51,38.3 1 0
github.com/NVIDIA/KAI-scheduler/pkg/apis/client/clientset/versioned/typed/scheduling/v1alpha2/scheduling_client.go:39.2,40.16 2 0
github.com/NVIDIA/KAI-scheduler/pkg/apis/client/clientset/versioned/typed/scheduling/v1alpha2/scheduling_client.go:40.16,42.3 1 0
github.com/NVIDIA/KAI-scheduler/pkg/apis/client/clientset/versioned/typed/scheduling/v1alpha2/scheduling_client.go:43.2,43.51 1 0
github.com/NVIDIA/KAI-scheduler/pkg/apis/client/clientset/versioned/typed/scheduling/v1alpha2/scheduling_client.go:48.95,50.51 2 0
github.com/NVIDIA/KAI-scheduler/pkg/apis/client/clientset/versioned/typed/scheduling/v1alpha2/scheduling_client.go:50.51,52.3 1 0
github.com/NVIDIA/KAI-scheduler/pkg/apis/client/clientset/versioned/typed/scheduling/v1alpha2/scheduling_client.go:53.2,54.16 2 0
github.com/NVIDIA/KAI-scheduler/pkg/apis/client/clientset/versioned/typed/scheduling/v1alpha2/scheduling_client.go:54.16,56.3 1 0
github.com/NVIDIA/KAI-scheduler/pkg/apis/client/clientset/versioned/typed/scheduling/v1alpha2/scheduling_client.go:57.2,57.47 1 0
github.com/NVIDIA/KAI-scheduler/pkg/apis/client/clientset/versioned/typed/scheduling/v1alpha2/scheduling_client.go:62.66,64.16 2 0
github.com/NVIDIA/KAI-scheduler/pkg/apis/client/clientset/versioned/typed/scheduling/v1alpha2/scheduling_client.go:64.16,65.13 1 0
github.com/NVIDIA/KAI-scheduler/pkg/apis/client/clientset/versioned/typed/scheduling/v1alpha2/scheduling_client.go:67.2,67.15 1 0
github.com/NVIDIA/KAI-scheduler/pkg/apis/client/clientset/versioned/typed/scheduling/v1alpha2/scheduling_client.go:71.54,73.2 1 0
github.com/NVIDIA/KAI-scheduler/pkg/apis/client/clientset/versioned/typed/scheduling/v1alpha2/scheduling_client.go:75.51,81.28 5 0
github.com/NVIDIA/KAI-scheduler/pkg/apis/client/clientset/versioned/typed/scheduling/v1alpha2/scheduling_client.go:81.28,83.3 1 0
github.com/NVIDIA/KAI-scheduler/pkg/apis/client/clientset/versioned/typed/scheduling/v1alpha2/scheduling_client.go:85.2,85.12 1 0
github.com/NVIDIA/KAI-scheduler/pkg/apis/client/clientset/versioned/typed/scheduling/v1alpha2/scheduling_client.go:90.64,91.14 1 0
github.com/NVIDIA/KAI-scheduler/pkg/apis/client/clientset/versioned/typed/scheduling/v1alpha2/scheduling_client.go:91.14,93.3 1 0
github.com/NVIDIA/KAI-scheduler/pkg/apis/client/clientset/versioned/typed/scheduling/v1alpha2/scheduling_client.go:94.2,94.21 1 0
github.com/NVIDIA/KAI-scheduler/pkg/apis/client/clientset/versioned/scheme/register.go:45.13,48.2 2 0
github.com/NVIDIA/KAI-scheduler/pkg/apis/client/informers/externalversions/scheduling/v1alpha2/bindrequest.go:39.154,41.2 1 0
github.com/NVIDIA/KAI-scheduler/pkg/apis/client/informers/externalversions/scheduling/v1alpha2/bindrequest.go:46.220,49.67 1 0
github.com/NVIDIA/KAI-scheduler/pkg/apis/client/informers/externalversions/scheduling/v1alpha2/bindrequest.go:49.67,50.32 1 0
github.com/NVIDIA/KAI-scheduler/pkg/apis/client/informers/externalversions/scheduling/v1alpha2/bindrequest.go:50.32,52.6 1 0
github.com/NVIDIA/KAI-scheduler/pkg/apis/client/informers/externalversions/scheduling/v1alpha2/bindrequest.go:53.5,53.93 1 0
github.com/NVIDIA/KAI-scheduler/pkg/apis/client/informers/externalversions/scheduling/v1alpha2/bindrequest.go:55.69,56.32 1 0
github.com/NVIDIA/KAI-scheduler/pkg/apis/client/informers/externalversions/scheduling/v1alpha2/bindrequest.go:56.32,58.6 1 0
github.com/NVIDIA/KAI-scheduler/pkg/apis/client/informers/externalversions/scheduling/v1alpha2/bindrequest.go:59.5,59.94 1 0
github.com/NVIDIA/KAI-scheduler/pkg/apis/client/informers/externalversions/scheduling/v1alpha2/bindrequest.go:68.129,70.2 1 0
github.com/NVIDIA/KAI-scheduler/pkg/apis/client/informers/externalversions/scheduling/v1alpha2/bindrequest.go:72.68,74.2 1 0
github.com/NVIDIA/KAI-scheduler/pkg/apis/client/informers/externalversions/scheduling/v1alpha2/bindrequest.go:76.77,78.2 1 0
github.com/NVIDIA/KAI-scheduler/pkg/apis/client/informers/externalversions/scheduling/v1alpha2/interface.go:26.140,28.2 1 0
github.com/NVIDIA/KAI-scheduler/pkg/apis/client/informers/externalversions/scheduling/v1alpha2/interface.go:31.54,33.2 1 0
github.com/NVIDIA/KAI-scheduler/pkg/apis/client/clientset/versioned/fake/clientset_generated.go:32.63,34.30 2 0
github.com/NVIDIA/KAI-scheduler/pkg/apis/client/clientset/versioned/fake/clientset_generated.go:34.30,35.36 1 0
github.com/NVIDIA/KAI-scheduler/pkg/apis/client/clientset/versioned/fake/clientset_generated.go:35.36,36.14 1 0
github.com/NVIDIA/KAI-scheduler/pkg/apis/client/clientset/versioned/fake/clientset_generated.go:40.2,43.101 4 0
github.com/NVIDIA/KAI-scheduler/pkg/apis/client/clientset/versioned/fake/clientset_generated.go:43.101,47.17 4 0
github.com/NVIDIA/KAI-scheduler/pkg/apis/client/clientset/versioned/fake/clientset_generated.go:47.17,49.4 1 0
github.com/NVIDIA/KAI-scheduler/pkg/apis/client/clientset/versioned/fake/clientset_generated.go:50.3,50.26 1 0
github.com/NVIDIA/KAI-scheduler/pkg/apis/client/clientset/versioned/fake/clientset_generated.go:53.2,53.11 1 0
github.com/NVIDIA/KAI-scheduler/pkg/apis/client/clientset/versioned/fake/clientset_generated.go:65.62,67.2 1 0
github.com/NVIDIA/KAI-scheduler/pkg/apis/client/clientset/versioned/fake/clientset_generated.go:69.53,71.2 1 0
github.com/NVIDIA/KAI-scheduler/pkg/apis/client/clientset/versioned/fake/clientset_generated.go:79.89,81.2 1 0
github.com/NVIDIA/KAI-scheduler/pkg/apis/client/clientset/versioned/fake/clientset_generated.go:84.71,86.2 1 0
github.com/NVIDIA/KAI-scheduler/pkg/apis/client/clientset/versioned/fake/clientset_generated.go:89.89,91.2 1 0
github.com/NVIDIA/KAI-scheduler/pkg/apis/client/clientset/versioned/fake/register.go:45.13,48.2 2 0
github.com/NVIDIA/KAI-scheduler/pkg/apis/client/clientset/versioned/clientset.go:37.89,39.2 1 0
github.com/NVIDIA/KAI-scheduler/pkg/apis/client/clientset/versioned/clientset.go:42.71,44.2 1 0
github.com/NVIDIA/KAI-scheduler/pkg/apis/client/clientset/versioned/clientset.go:47.89,49.2 1 0
github.com/NVIDIA/KAI-scheduler/pkg/apis/client/clientset/versioned/clientset.go:52.62,53.14 1 0
github.com/NVIDIA/KAI-scheduler/pkg/apis/client/clientset/versioned/clientset.go:53.14,55.3 1 0
github.com/NVIDIA/KAI-scheduler/pkg/apis/client/clientset/versioned/clientset.go:56.2,56.26 1 0
github.com/NVIDIA/KAI-scheduler/pkg/apis/client/clientset/versioned/clientset.go:64.55,67.39 2 0
github.com/NVIDIA/KAI-scheduler/pkg/apis/client/clientset/versioned/clientset.go:67.39,69.3 1 0
github.com/NVIDIA/KAI-scheduler/pkg/apis/client/clientset/versioned/clientset.go:72.2,73.16 2 0
github.com/NVIDIA/KAI-scheduler/pkg/apis/client/clientset/versioned/clientset.go:73.16,75.3 1 0
github.com/NVIDIA/KAI-scheduler/pkg/apis/client/clientset/versioned/clientset.go:77.2,77.62 1 0
github.com/NVIDIA/KAI-scheduler/pkg/apis/client/clientset/versioned/clientset.go:84.89,86.71 2 0
github.com/NVIDIA/KAI-scheduler/pkg/apis/client/clientset/versioned/clientset.go:86.71,87.35 1 0
github.com/NVIDIA/KAI-scheduler/pkg/apis/client/clientset/versioned/clientset.go:87.35,89.4 1 0
github.com/NVIDIA/KAI-scheduler/pkg/apis/client/clientset/versioned/clientset.go:90.3,90.120 1 0
github.com/NVIDIA/KAI-scheduler/pkg/apis/client/clientset/versioned/clientset.go:93.2,96.16 4 0
github.com/NVIDIA/KAI-scheduler/pkg/apis/client/clientset/versioned/clientset.go:96.16,98.3 1 0
github.com/NVIDIA/KAI-scheduler/pkg/apis/client/clientset/versioned/clientset.go:99.2,100.16 2 0
github.com/NVIDIA/KAI-scheduler/pkg/apis/client/clientset/versioned/clientset.go:100.16,102.3 1 0
github.com/NVIDIA/KAI-scheduler/pkg/apis/client/clientset/versioned/clientset.go:103.2,104.16 2 0
github.com/NVIDIA/KAI-scheduler/pkg/apis/client/clientset/versioned/clientset.go:104.16,106.3 1 0
github.com/NVIDIA/KAI-scheduler/pkg/apis/client/clientset/versioned/clientset.go:108.2,109.16 2 0
github.com/NVIDIA/KAI-scheduler/pkg/apis/client/clientset/versioned/clientset.go:109.16,111.3 1 0
github.com/NVIDIA/KAI-scheduler/pkg/apis/client/clientset/versioned/clientset.go:112.2,112.17 1 0
github.com/NVIDIA/KAI-scheduler/pkg/apis/client/clientset/versioned/clientset.go:117.51,119.16 2 0
github.com/NVIDIA/KAI-scheduler/pkg/apis/client/clientset/versioned/clientset.go:119.16,120.13 1 0
github.com/NVIDIA/KAI-scheduler/pkg/apis/client/clientset/versioned/clientset.go:122.2,122.11 1 0
github.com/NVIDIA/KAI-scheduler/pkg/apis/client/clientset/versioned/clientset.go:126.39,134.2 6 0
github.com/NVIDIA/KAI-scheduler/cmd/podgrouper/options/options.go:26.46,37.2 10 0
github.com/NVIDIA/KAI-scheduler/cmd/podgrouper/options/options.go:39.49,47.2 1 0
github.com/NVIDIA/KAI-scheduler/cmd/podgrouper/main.go:37.13,43.2 3 0
github.com/NVIDIA/KAI-scheduler/cmd/podgrouper/main.go:45.13,79.16 5 0
github.com/NVIDIA/KAI-scheduler/cmd/podgrouper/main.go:79.16,82.3 2 0
github.com/NVIDIA/KAI-scheduler/cmd/podgrouper/main.go:84.2,87.55 1 0
github.com/NVIDIA/KAI-scheduler/cmd/podgrouper/main.go:87.55,90.3 2 0
github.com/NVIDIA/KAI-scheduler/cmd/podgrouper/main.go:93.2,93.69 1 0
github.com/NVIDIA/KAI-scheduler/cmd/podgrouper/main.go:93.69,96.3 2 0
github.com/NVIDIA/KAI-scheduler/cmd/podgrouper/main.go:97.2,97.67 1 0
github.com/NVIDIA/KAI-scheduler/cmd/podgrouper/main.go:97.67,100.3 2 0
github.com/NVIDIA/KAI-scheduler/cmd/podgrouper/main.go:102.2,103.61 2 0
github.com/NVIDIA/KAI-scheduler/cmd/podgrouper/main.go:103.61,106.3 2 0
github.com/NVIDIA/KAI-scheduler/cmd/podgrouper/main.go:109.19,117.2 4 0
github.com/NVIDIA/KAI-scheduler/cmd/podgrouper/main.go:119.62,125.2 4 0
github.com/NVIDIA/KAI-scheduler/pkg/apis/client/clientset/versioned/typed/scheduling/v2/fake/fake_queue.go:21.90,28.21 1 0
github.com/NVIDIA/KAI-scheduler/pkg/apis/client/clientset/versioned/typed/scheduling/v2/fake/fake_queue.go:28.21,28.43 1 0
github.com/NVIDIA/KAI-scheduler/pkg/apis/client/clientset/versioned/typed/scheduling/v2/fake/fake_queue.go:29.25,29.51 1 0
github.com/NVIDIA/KAI-scheduler/pkg/apis/client/clientset/versioned/typed/scheduling/v2/fake/fake_queue.go:30.33,30.64 1 0
github.com/NVIDIA/KAI-scheduler/pkg/apis/client/clientset/versioned/typed/scheduling/v2/fake/fake_queue.go:31.41,31.86 1 0
github.com/NVIDIA/KAI-scheduler/pkg/apis/client/clientset/versioned/typed/scheduling/v2/fake/fake_queue.go:32.48,32.96 1 0
github.com/NVIDIA/KAI-scheduler/pkg/apis/client/clientset/versioned/typed/scheduling/v2/fake/fake_scheduling_client.go:19.71,21.2 1 0
github.com/NVIDIA/KAI-scheduler/pkg/apis/client/clientset/versioned/typed/scheduling/v2/fake/fake_scheduling_client.go:25.56,28.2 2 0
github.com/NVIDIA/KAI-scheduler/pkg/apis/client/informers/externalversions/factory.go:47.92,48.69 1 0
github.com/NVIDIA/KAI-scheduler/pkg/apis/client/informers/externalversions/factory.go:48.69,49.34 1 0
github.com/NVIDIA/KAI-scheduler/pkg/apis/client/informers/externalversions/factory.go:49.34,51.4 1 0
github.com/NVIDIA/KAI-scheduler/pkg/apis/client/informers/externalversions/factory.go:52.3,52.17 1 0
github.com/NVIDIA/KAI-scheduler/pkg/apis/client/informers/externalversions/factory.go:57.106,58.69 1 0
github.com/NVIDIA/KAI-scheduler/pkg/apis/client/informers/externalversions/factory.go:58.69,61.3 2 0
github.com/NVIDIA/KAI-scheduler/pkg/apis/client/informers/externalversions/factory.go:65.59,66.69 1 0
github.com/NVIDIA/KAI-scheduler/pkg/apis/client/informers/externalversions/factory.go:66.69,69.3 2 0
github.com/NVIDIA/KAI-scheduler/pkg/apis/client/informers/externalversions/factory.go:73.72,74.69 1 0
github.com/NVIDIA/KAI-scheduler/pkg/apis/client/informers/externalversions/factory.go:74.69,77.3 2 0
github.com/NVIDIA/KAI-scheduler/pkg/apis/client/informers/externalversions/factory.go:81.110,83.2 1 0
github.com/NVIDIA/KAI-scheduler/pkg/apis/client/informers/externalversions/factory.go:89.194,91.2 1 0
github.com/NVIDIA/KAI-scheduler/pkg/apis/client/informers/externalversions/factory.go:94.154,105.30 2 0
github.com/NVIDIA/KAI-scheduler/pkg/apis/client/informers/externalversions/factory.go:105.30,107.3 1 0
github.com/NVIDIA/KAI-scheduler/pkg/apis/client/informers/externalversions/factory.go:109.2,109.16 1 0
github.com/NVIDIA/KAI-scheduler/pkg/apis/client/informers/externalversions/factory.go:112.63,116.20 3 0
github.com/NVIDIA/KAI-scheduler/pkg/apis/client/informers/externalversions/factory.go:116.20,118.3 1 0
github.com/NVIDIA/KAI-scheduler/pkg/apis/client/informers/externalversions/factory.go:120.2,120.50 1 0
github.com/NVIDIA/KAI-scheduler/pkg/apis/client/informers/externalversions/factory.go:120.50,121.40 1 0
github.com/NVIDIA/KAI-scheduler/pkg/apis/client/informers/externalversions/factory.go:121.40,127.14 3 0
github.com/NVIDIA/KAI-scheduler/pkg/apis/client/informers/externalversions/factory.go:127.14,130.5 2 0
github.com/NVIDIA/KAI-scheduler/pkg/apis/client/informers/externalversions/factory.go:131.4,131.43 1 0
github.com/NVIDIA/KAI-scheduler/pkg/apis/client/informers/externalversions/factory.go:136.44,143.2 4 0
github.com/NVIDIA/KAI-scheduler/pkg/apis/client/informers/externalversions/factory.go:145.96,146.65 1 0
github.com/NVIDIA/KAI-scheduler/pkg/apis/client/informers/externalversions/factory.go:146.65,151.51 4 0
github.com/NVIDIA/KAI-scheduler/pkg/apis/client/informers/externalversions/factory.go:151.51,152.40 1 0
github.com/NVIDIA/KAI-scheduler/pkg/apis/client/informers/externalversions/factory.go:152.40,154.5 1 0
github.com/NVIDIA/KAI-scheduler/pkg/apis/client/informers/externalversions/factory.go:156.3,156.19 1 0
github.com/NVIDIA/KAI-scheduler/pkg/apis/client/informers/externalversions/factory.go:159.2,160.46 2 0
github.com/NVIDIA/KAI-scheduler/pkg/apis/client/informers/externalversions/factory.go:160.46,162.3 1 0
github.com/NVIDIA/KAI-scheduler/pkg/apis/client/informers/externalversions/factory.go:163.2,163.12 1 0
github.com/NVIDIA/KAI-scheduler/pkg/apis/client/informers/externalversions/factory.go:168.135,174.12 5 0
github.com/NVIDIA/KAI-scheduler/pkg/apis/client/informers/externalversions/factory.go:174.12,176.3 1 0
github.com/NVIDIA/KAI-scheduler/pkg/apis/client/informers/externalversions/factory.go:178.2,179.13 2 0
github.com/NVIDIA/KAI-scheduler/pkg/apis/client/informers/externalversions/factory.go:179.13,181.3 1 0
github.com/NVIDIA/KAI-scheduler/pkg/apis/client/informers/externalversions/factory.go:183.2,187.17 4 0
github.com/NVIDIA/KAI-scheduler/pkg/apis/client/informers/externalversions/factory.go:248.67,250.2 1 0
github.com/NVIDIA/KAI-scheduler/pkg/apis/client/informers/externalversions/generic.go:32.64,34.2 1 0
github.com/NVIDIA/KAI-scheduler/pkg/apis/client/informers/externalversions/generic.go:37.56,39.2 1 0
github.com/NVIDIA/KAI-scheduler/pkg/apis/client/informers/externalversions/generic.go:43.108,44.18 1 0
github.com/NVIDIA/KAI-scheduler/pkg/apis/client/informers/externalversions/generic.go:46.64,47.130 1 0
github.com/NVIDIA/KAI-scheduler/pkg/apis/client/informers/externalversions/generic.go:50.52,51.118 1 0
github.com/NVIDIA/KAI-scheduler/pkg/apis/client/informers/externalversions/generic.go:54.61,55.127 1 0
github.com/NVIDIA/KAI-scheduler/pkg/apis/client/informers/externalversions/generic.go:59.2,59.62 1 0
github.com/NVIDIA/KAI-scheduler/pkg/apis/client/informers/externalversions/scheduling/interface.go:33.140,35.2 1 0
github.com/NVIDIA/KAI-scheduler/pkg/apis/client/informers/externalversions/scheduling/interface.go:38.47,40.2 1 0
github.com/NVIDIA/KAI-scheduler/pkg/apis/client/informers/externalversions/scheduling/interface.go:43.35,45.2 1 0
github.com/NVIDIA/KAI-scheduler/pkg/apis/client/informers/externalversions/scheduling/interface.go:48.47,50.2 1 0
github.com/NVIDIA/KAI-scheduler/pkg/apis/client/clientset/versioned/typed/scheduling/v2/queue.go:47.65,54.31 1 0
github.com/NVIDIA/KAI-scheduler/pkg/apis/client/clientset/versioned/typed/scheduling/v2/queue.go:54.31,54.63 1 0
github.com/NVIDIA/KAI-scheduler/pkg/apis/client/clientset/versioned/typed/scheduling/v2/queue.go:55.35,55.71 1 0
github.com/NVIDIA/KAI-scheduler/pkg/apis/client/clientset/versioned/typed/scheduling/v2/scheduling_client.go:27.70,29.2 1 0
github.com/NVIDIA/KAI-scheduler/pkg/apis/client/clientset/versioned/typed/scheduling/v2/scheduling_client.go:34.64,36.51 2 0
github.com/NVIDIA/KAI-scheduler/pkg/apis/client/clientset/versioned/typed/scheduling/v2/scheduling_client.go:36.51,38.3 1 0
github.com/NVIDIA/KAI-scheduler/pkg/apis/client/clientset/versioned/typed/scheduling/v2/scheduling_client.go:39.2,40.16 2 0
github.com/NVIDIA/KAI-scheduler/pkg/apis/client/clientset/versioned/typed/scheduling/v2/scheduling_client.go:40.16,42.3 1 0
github.com/NVIDIA/KAI-scheduler/pkg/apis/client/clientset/versioned/typed/scheduling/v2/scheduling_client.go:43.2,43.51 1 0
github.com/NVIDIA/KAI-scheduler/pkg/apis/client/clientset/versioned/typed/scheduling/v2/scheduling_client.go:48.89,50.51 2 0
github.com/NVIDIA/KAI-scheduler/pkg/apis/client/clientset/versioned/typed/scheduling/v2/scheduling_client.go:50.51,52.3 1 0
github.com/NVIDIA/KAI-scheduler/pkg/apis/client/clientset/versioned/typed/scheduling/v2/scheduling_client.go:53.2,54.16 2 0
github.com/NVIDIA/KAI-scheduler/pkg/apis/client/clientset/versioned/typed/scheduling/v2/scheduling_client.go:54.16,56.3 1 0
github.com/NVIDIA/KAI-scheduler/pkg/apis/client/clientset/versioned/typed/scheduling/v2/scheduling_client.go:57.2,57.41 1 0
github.com/NVIDIA/KAI-scheduler/pkg/apis/client/clientset/versioned/typed/scheduling/v2/scheduling_client.go:62.60,64.16 2 0
github.com/NVIDIA/KAI-scheduler/pkg/apis/client/clientset/versioned/typed/scheduling/v2/scheduling_client.go:64.16,65.13 1 0
github.com/NVIDIA/KAI-scheduler/pkg/apis/client/clientset/versioned/typed/scheduling/v2/scheduling_client.go:67.2,67.15 1 0
github.com/NVIDIA/KAI-scheduler/pkg/apis/client/clientset/versioned/typed/scheduling/v2/scheduling_client.go:71.48,73.2 1 0
github.com/NVIDIA/KAI-scheduler/pkg/apis/client/clientset/versioned/typed/scheduling/v2/scheduling_client.go:75.51,81.28 5 0
github.com/NVIDIA/KAI-scheduler/pkg/apis/client/clientset/versioned/typed/scheduling/v2/scheduling_client.go:81.28,83.3 1 0
github.com/NVIDIA/KAI-scheduler/pkg/apis/client/clientset/versioned/typed/scheduling/v2/scheduling_client.go:85.2,85.12 1 0
github.com/NVIDIA/KAI-scheduler/pkg/apis/client/clientset/versioned/typed/scheduling/v2/scheduling_client.go:90.58,91.14 1 0
github.com/NVIDIA/KAI-scheduler/pkg/apis/client/clientset/versioned/typed/scheduling/v2/scheduling_client.go:91.14,93.3 1 0
github.com/NVIDIA/KAI-scheduler/pkg/apis/client/clientset/versioned/typed/scheduling/v2/scheduling_client.go:94.2,94.21 1 0
github.com/NVIDIA/KAI-scheduler/pkg/apis/client/clientset/versioned/typed/scheduling/v2alpha2/fake/fake_podgroup.go:21.108,28.30 1 0
github.com/NVIDIA/KAI-scheduler/pkg/apis/client/clientset/versioned/typed/scheduling/v2alpha2/fake/fake_podgroup.go:28.30,28.61 1 0
github.com/NVIDIA/KAI-scheduler/pkg/apis/client/clientset/versioned/typed/scheduling/v2alpha2/fake/fake_podgroup.go:29.34,29.69 1 0
github.com/NVIDIA/KAI-scheduler/pkg/apis/client/clientset/versioned/typed/scheduling/v2alpha2/fake/fake_podgroup.go:30.42,30.73 1 0
github.com/NVIDIA/KAI-scheduler/pkg/apis/client/clientset/versioned/typed/scheduling/v2alpha2/fake/fake_podgroup.go:31.59,31.104 1 0
github.com/NVIDIA/KAI-scheduler/pkg/apis/client/clientset/versioned/typed/scheduling/v2alpha2/fake/fake_podgroup.go:32.66,34.5 1 0
github.com/NVIDIA/KAI-scheduler/pkg/apis/client/clientset/versioned/typed/scheduling/v2alpha2/fake/fake_scheduling_client.go:19.89,21.2 1 0
github.com/NVIDIA/KAI-scheduler/pkg/apis/client/clientset/versioned/typed/scheduling/v2alpha2/fake/fake_scheduling_client.go:25.62,28.2 2 0
github.com/NVIDIA/KAI-scheduler/pkg/apis/client/clientset/versioned/typed/scheduling/v2alpha2/podgroup.go:47.77,54.40 1 0
github.com/NVIDIA/KAI-scheduler/pkg/apis/client/clientset/versioned/typed/scheduling/v2alpha2/podgroup.go:54.40,54.81 1 0
github.com/NVIDIA/KAI-scheduler/pkg/apis/client/clientset/versioned/typed/scheduling/v2alpha2/podgroup.go:55.44,55.89 1 0
github.com/NVIDIA/KAI-scheduler/pkg/apis/client/clientset/versioned/typed/scheduling/v2alpha2/scheduling_client.go:27.82,29.2 1 0
github.com/NVIDIA/KAI-scheduler/pkg/apis/client/clientset/versioned/typed/scheduling/v2alpha2/scheduling_client.go:34.70,36.51 2 0
github.com/NVIDIA/KAI-scheduler/pkg/apis/client/clientset/versioned/typed/scheduling/v2alpha2/scheduling_client.go:36.51,38.3 1 0
github.com/NVIDIA/KAI-scheduler/pkg/apis/client/clientset/versioned/typed/scheduling/v2alpha2/scheduling_client.go:39.2,40.16 2 0
github.com/NVIDIA/KAI-scheduler/pkg/apis/client/clientset/versioned/typed/scheduling/v2alpha2/scheduling_client.go:40.16,42.3 1 0
github.com/NVIDIA/KAI-scheduler/pkg/apis/client/clientset/versioned/typed/scheduling/v2alpha2/scheduling_client.go:43.2,43.51 1 0
github.com/NVIDIA/KAI-scheduler/pkg/apis/client/clientset/versioned/typed/scheduling/v2alpha2/scheduling_client.go:48.95,50.51 2 0
github.com/NVIDIA/KAI-scheduler/pkg/apis/client/clientset/versioned/typed/scheduling/v2alpha2/scheduling_client.go:50.51,52.3 1 0
github.com/NVIDIA/KAI-scheduler/pkg/apis/client/clientset/versioned/typed/scheduling/v2alpha2/scheduling_client.go:53.2,54.16 2 0
github.com/NVIDIA/KAI-scheduler/pkg/apis/client/clientset/versioned/typed/scheduling/v2alpha2/scheduling_client.go:54.16,56.3 1 0
github.com/NVIDIA/KAI-scheduler/pkg/apis/client/clientset/versioned/typed/scheduling/v2alpha2/scheduling_client.go:57.2,57.47 1 0
github.com/NVIDIA/KAI-scheduler/pkg/apis/client/clientset/versioned/typed/scheduling/v2alpha2/scheduling_client.go:62.66,64.16 2 0
github.com/NVIDIA/KAI-scheduler/pkg/apis/client/clientset/versioned/typed/scheduling/v2alpha2/scheduling_client.go:64.16,65.13 1 0
github.com/NVIDIA/KAI-scheduler/pkg/apis/client/clientset/versioned/typed/scheduling/v2alpha2/scheduling_client.go:67.2,67.15 1 0
github.com/NVIDIA/KAI-scheduler/pkg/apis/client/clientset/versioned/typed/scheduling/v2alpha2/scheduling_client.go:71.54,73.2 1 0
github.com/NVIDIA/KAI-scheduler/pkg/apis/client/clientset/versioned/typed/scheduling/v2alpha2/scheduling_client.go:75.51,81.28 5 0
github.com/NVIDIA/KAI-scheduler/pkg/apis/client/clientset/versioned/typed/scheduling/v2alpha2/scheduling_client.go:81.28,83.3 1 0
github.com/NVIDIA/KAI-scheduler/pkg/apis/client/clientset/versioned/typed/scheduling/v2alpha2/scheduling_client.go:85.2,85.12 1 0
github.com/NVIDIA/KAI-scheduler/pkg/apis/client/clientset/versioned/typed/scheduling/v2alpha2/scheduling_client.go:90.64,91.14 1 0
github.com/NVIDIA/KAI-scheduler/pkg/apis/client/clientset/versioned/typed/scheduling/v2alpha2/scheduling_client.go:91.14,93.3 1 0
github.com/NVIDIA/KAI-scheduler/pkg/apis/client/clientset/versioned/typed/scheduling/v2alpha2/scheduling_client.go:94.2,94.21 1 0
github.com/NVIDIA/KAI-scheduler/pkg/apis/client/listers/scheduling/v2/queue.go:33.56,35.2 1 0
github.com/NVIDIA/KAI-scheduler/pkg/apis/client/listers/scheduling/v2/queue.go:38.69,40.2 1 0
github.com/NVIDIA/KAI-scheduler/pkg/apis/client/listers/scheduling/v2alpha2/podgroup.go:33.62,35.2 1 0
github.com/NVIDIA/KAI-scheduler/pkg/apis/client/listers/scheduling/v2alpha2/podgroup.go:38.78,40.2 1 0
github.com/NVIDIA/KAI-scheduler/pkg/apis/client/listers/scheduling/v1alpha2/bindrequest.go:33.68,35.2 1 0
github.com/NVIDIA/KAI-scheduler/pkg/apis/client/listers/scheduling/v1alpha2/bindrequest.go:38.87,40.2 1 0
github.com/NVIDIA/KAI-scheduler/pkg/apis/scheduling/v2alpha2/groupversion_info.go:29.53,31.2 1 0
github.com/NVIDIA/KAI-scheduler/pkg/apis/scheduling/v2alpha2/podgroup_types.go:272.52,274.22 2 0
github.com/NVIDIA/KAI-scheduler/pkg/apis/scheduling/v2alpha2/podgroup_types.go:274.22,279.3 4 0
github.com/NVIDIA/KAI-scheduler/pkg/apis/scheduling/v2alpha2/podgroup_types.go:280.2,280.20 1 0
github.com/NVIDIA/KAI-scheduler/pkg/apis/scheduling/v2alpha2/podgroup_types.go:283.13,285.2 1 0
github.com/NVIDIA/KAI-scheduler/pkg/apis/scheduling/v2alpha2/zz_generated.deepcopy.go:18.49,24.2 5 0
github.com/NVIDIA/KAI-scheduler/pkg/apis/scheduling/v2alpha2/zz_generated.deepcopy.go:27.42,28.15 1 0
github.com/NVIDIA/KAI-scheduler/pkg/apis/scheduling/v2alpha2/zz_generated.deepcopy.go:28.15,30.3 1 0
github.com/NVIDIA/KAI-scheduler/pkg/apis/scheduling/v2alpha2/zz_generated.deepcopy.go:31.2,33.12 3 0
github.com/NVIDIA/KAI-scheduler/pkg/apis/scheduling/v2alpha2/zz_generated.deepcopy.go:37.53,38.34 1 0
github.com/NVIDIA/KAI-scheduler/pkg/apis/scheduling/v2alpha2/zz_generated.deepcopy.go:38.34,40.3 1 0
github.com/NVIDIA/KAI-scheduler/pkg/apis/scheduling/v2alpha2/zz_generated.deepcopy.go:41.2,41.12 1 0
github.com/NVIDIA/KAI-scheduler/pkg/apis/scheduling/v2alpha2/zz_generated.deepcopy.go:45.67,48.2 2 0
github.com/NVIDIA/KAI-scheduler/pkg/apis/scheduling/v2alpha2/zz_generated.deepcopy.go:51.60,52.15 1 0
github.com/NVIDIA/KAI-scheduler/pkg/apis/scheduling/v2alpha2/zz_generated.deepcopy.go:52.15,54.3 1 0
github.com/NVIDIA/KAI-scheduler/pkg/apis/scheduling/v2alpha2/zz_generated.deepcopy.go:55.2,57.12 3 0
github.com/NVIDIA/KAI-scheduler/pkg/apis/scheduling/v2alpha2/zz_generated.deepcopy.go:61.57,65.21 4 0
github.com/NVIDIA/KAI-scheduler/pkg/apis/scheduling/v2alpha2/zz_generated.deepcopy.go:65.21,68.22 3 0
github.com/NVIDIA/KAI-scheduler/pkg/apis/scheduling/v2alpha2/zz_generated.deepcopy.go:68.22,70.4 1 0
github.com/NVIDIA/KAI-scheduler/pkg/apis/scheduling/v2alpha2/zz_generated.deepcopy.go:75.50,76.15 1 0
github.com/NVIDIA/KAI-scheduler/pkg/apis/scheduling/v2alpha2/zz_generated.deepcopy.go:76.15,78.3 1 0
github.com/NVIDIA/KAI-scheduler/pkg/apis/scheduling/v2alpha2/zz_generated.deepcopy.go:79.2,81.12 3 0
github.com/NVIDIA/KAI-scheduler/pkg/apis/scheduling/v2alpha2/zz_generated.deepcopy.go:85.57,86.34 1 0
github.com/NVIDIA/KAI-scheduler/pkg/apis/scheduling/v2alpha2/zz_generated.deepcopy.go:86.34,88.3 1 0
github.com/NVIDIA/KAI-scheduler/pkg/apis/scheduling/v2alpha2/zz_generated.deepcopy.go:89.2,89.12 1 0
github.com/NVIDIA/KAI-scheduler/pkg/apis/scheduling/v2alpha2/zz_generated.deepcopy.go:93.79,95.25 2 0
github.com/NVIDIA/KAI-scheduler/pkg/apis/scheduling/v2alpha2/zz_generated.deepcopy.go:95.25,98.29 3 0
github.com/NVIDIA/KAI-scheduler/pkg/apis/scheduling/v2alpha2/zz_generated.deepcopy.go:98.29,100.4 1 0
github.com/NVIDIA/KAI-scheduler/pkg/apis/scheduling/v2alpha2/zz_generated.deepcopy.go:102.2,102.39 1 0
github.com/NVIDIA/KAI-scheduler/pkg/apis/scheduling/v2alpha2/zz_generated.deepcopy.go:102.39,105.29 3 0
github.com/NVIDIA/KAI-scheduler/pkg/apis/scheduling/v2alpha2/zz_generated.deepcopy.go:105.29,107.4 1 0
github.com/NVIDIA/KAI-scheduler/pkg/apis/scheduling/v2alpha2/zz_generated.deepcopy.go:109.2,109.25 1 0
github.com/NVIDIA/KAI-scheduler/pkg/apis/scheduling/v2alpha2/zz_generated.deepcopy.go:109.25,112.29 3 0
github.com/NVIDIA/KAI-scheduler/pkg/apis/scheduling/v2alpha2/zz_generated.deepcopy.go:112.29,114.4 1 0
github.com/NVIDIA/KAI-scheduler/pkg/apis/scheduling/v2alpha2/zz_generated.deepcopy.go:119.72,120.15 1 0
github.com/NVIDIA/KAI-scheduler/pkg/apis/scheduling/v2alpha2/zz_generated.deepcopy.go:120.15,122.3 1 0
github.com/NVIDIA/KAI-scheduler/pkg/apis/scheduling/v2alpha2/zz_generated.deepcopy.go:123.2,125.12 3 0
github.com/NVIDIA/KAI-scheduler/pkg/apis/scheduling/v2alpha2/zz_generated.deepcopy.go:129.57,131.33 2 0
github.com/NVIDIA/KAI-scheduler/pkg/apis/scheduling/v2alpha2/zz_generated.deepcopy.go:131.33,135.3 3 0
github.com/NVIDIA/KAI-scheduler/pkg/apis/scheduling/v2alpha2/zz_generated.deepcopy.go:136.2,136.33 1 0
github.com/NVIDIA/KAI-scheduler/pkg/apis/scheduling/v2alpha2/zz_generated.deepcopy.go:136.33,140.3 3 0
github.com/NVIDIA/KAI-scheduler/pkg/apis/scheduling/v2alpha2/zz_generated.deepcopy.go:144.50,145.15 1 0
github.com/NVIDIA/KAI-scheduler/pkg/apis/scheduling/v2alpha2/zz_generated.deepcopy.go:145.15,147.3 1 0
github.com/NVIDIA/KAI-scheduler/pkg/apis/scheduling/v2alpha2/zz_generated.deepcopy.go:148.2,150.12 3 0
github.com/NVIDIA/KAI-scheduler/pkg/apis/scheduling/v2alpha2/zz_generated.deepcopy.go:154.61,156.26 2 0
github.com/NVIDIA/KAI-scheduler/pkg/apis/scheduling/v2alpha2/zz_generated.deepcopy.go:156.26,159.22 3 0
github.com/NVIDIA/KAI-scheduler/pkg/apis/scheduling/v2alpha2/zz_generated.deepcopy.go:159.22,161.4 1 0
github.com/NVIDIA/KAI-scheduler/pkg/apis/scheduling/v2alpha2/zz_generated.deepcopy.go:163.2,164.36 2 0
github.com/NVIDIA/KAI-scheduler/pkg/apis/scheduling/v2alpha2/zz_generated.deepcopy.go:164.36,167.22 3 0
github.com/NVIDIA/KAI-scheduler/pkg/apis/scheduling/v2alpha2/zz_generated.deepcopy.go:167.22,169.4 1 0
github.com/NVIDIA/KAI-scheduler/pkg/apis/scheduling/v2alpha2/zz_generated.deepcopy.go:174.54,175.15 1 0
github.com/NVIDIA/KAI-scheduler/pkg/apis/scheduling/v2alpha2/zz_generated.deepcopy.go:175.15,177.3 1 0
github.com/NVIDIA/KAI-scheduler/pkg/apis/scheduling/v2alpha2/zz_generated.deepcopy.go:178.2,180.12 3 0
github.com/NVIDIA/KAI-scheduler/pkg/apis/scheduling/v2alpha2/zz_generated.deepcopy.go:184.57,186.39 2 0
github.com/NVIDIA/KAI-scheduler/pkg/apis/scheduling/v2alpha2/zz_generated.deepcopy.go:186.39,189.29 3 0
github.com/NVIDIA/KAI-scheduler/pkg/apis/scheduling/v2alpha2/zz_generated.deepcopy.go:189.29,191.4 1 0
github.com/NVIDIA/KAI-scheduler/pkg/apis/scheduling/v2alpha2/zz_generated.deepcopy.go:193.2,193.38 1 0
github.com/NVIDIA/KAI-scheduler/pkg/apis/scheduling/v2alpha2/zz_generated.deepcopy.go:193.38,196.29 3 0
github.com/NVIDIA/KAI-scheduler/pkg/apis/scheduling/v2alpha2/zz_generated.deepcopy.go:196.29,198.4 1 0
github.com/NVIDIA/KAI-scheduler/pkg/apis/scheduling/v2alpha2/zz_generated.deepcopy.go:200.2,200.39 1 0
github.com/NVIDIA/KAI-scheduler/pkg/apis/scheduling/v2alpha2/zz_generated.deepcopy.go:200.39,203.29 3 0
github.com/NVIDIA/KAI-scheduler/pkg/apis/scheduling/v2alpha2/zz_generated.deepcopy.go:203.29,205.4 1 0
github.com/NVIDIA/KAI-scheduler/pkg/apis/scheduling/v2alpha2/zz_generated.deepcopy.go:207.2,207.53 1 0
github.com/NVIDIA/KAI-scheduler/pkg/apis/scheduling/v2alpha2/zz_generated.deepcopy.go:207.53,210.29 3 0
github.com/NVIDIA/KAI-scheduler/pkg/apis/scheduling/v2alpha2/zz_generated.deepcopy.go:210.29,212.4 1 0
github.com/NVIDIA/KAI-scheduler/pkg/apis/scheduling/v2alpha2/zz_generated.deepcopy.go:214.2,214.35 1 0
github.com/NVIDIA/KAI-scheduler/pkg/apis/scheduling/v2alpha2/zz_generated.deepcopy.go:214.35,217.29 3 0
github.com/NVIDIA/KAI-scheduler/pkg/apis/scheduling/v2alpha2/zz_generated.deepcopy.go:217.29,219.4 1 0
github.com/NVIDIA/KAI-scheduler/pkg/apis/scheduling/v2alpha2/zz_generated.deepcopy.go:221.2,221.42 1 0
github.com/NVIDIA/KAI-scheduler/pkg/apis/scheduling/v2alpha2/zz_generated.deepcopy.go:221.42,224.29 3 0
github.com/NVIDIA/KAI-scheduler/pkg/apis/scheduling/v2alpha2/zz_generated.deepcopy.go:224.29,226.4 1 0
github.com/NVIDIA/KAI-scheduler/pkg/apis/scheduling/v2alpha2/zz_generated.deepcopy.go:228.2,228.56 1 0
github.com/NVIDIA/KAI-scheduler/pkg/apis/scheduling/v2alpha2/zz_generated.deepcopy.go:228.56,231.29 3 0
github.com/NVIDIA/KAI-scheduler/pkg/apis/scheduling/v2alpha2/zz_generated.deepcopy.go:231.29,233.4 1 0
github.com/NVIDIA/KAI-scheduler/pkg/apis/scheduling/v2alpha2/zz_generated.deepcopy.go:238.50,239.15 1 0
github.com/NVIDIA/KAI-scheduler/pkg/apis/scheduling/v2alpha2/zz_generated.deepcopy.go:239.15,241.3 1 0
github.com/NVIDIA/KAI-scheduler/pkg/apis/scheduling/v2alpha2/zz_generated.deepcopy.go:242.2,244.12 3 0
github.com/NVIDIA/KAI-scheduler/pkg/apis/scheduling/v2alpha2/zz_generated.deepcopy.go:248.71,250.23 2 0
github.com/NVIDIA/KAI-scheduler/pkg/apis/scheduling/v2alpha2/zz_generated.deepcopy.go:250.23,253.22 3 0
github.com/NVIDIA/KAI-scheduler/pkg/apis/scheduling/v2alpha2/zz_generated.deepcopy.go:253.22,255.4 1 0
github.com/NVIDIA/KAI-scheduler/pkg/apis/scheduling/v2alpha2/zz_generated.deepcopy.go:257.2,257.61 1 0
github.com/NVIDIA/KAI-scheduler/pkg/apis/scheduling/v2alpha2/zz_generated.deepcopy.go:261.64,262.15 1 0
github.com/NVIDIA/KAI-scheduler/pkg/apis/scheduling/v2alpha2/zz_generated.deepcopy.go:262.15,264.3 1 0
github.com/NVIDIA/KAI-scheduler/pkg/apis/scheduling/v2alpha2/zz_generated.deepcopy.go:265.2,267.12 3 0
github.com/NVIDIA/KAI-scheduler/pkg/apis/scheduling/v2alpha2/zz_generated.deepcopy.go:271.81,273.23 2 0
github.com/NVIDIA/KAI-scheduler/pkg/apis/scheduling/v2alpha2/zz_generated.deepcopy.go:273.23,277.3 3 0
github.com/NVIDIA/KAI-scheduler/pkg/apis/scheduling/v2alpha2/zz_generated.deepcopy.go:281.74,282.15 1 0
github.com/NVIDIA/KAI-scheduler/pkg/apis/scheduling/v2alpha2/zz_generated.deepcopy.go:282.15,284.3 1 0
github.com/NVIDIA/KAI-scheduler/pkg/apis/scheduling/v2alpha2/zz_generated.deepcopy.go:285.2,287.12 3 0
github.com/NVIDIA/KAI-scheduler/pkg/apis/scheduling/v2alpha2/zz_generated.deepcopy.go:291.95,293.28 2 0
github.com/NVIDIA/KAI-scheduler/pkg/apis/scheduling/v2alpha2/zz_generated.deepcopy.go:293.28,297.3 3 0
github.com/NVIDIA/KAI-scheduler/pkg/apis/scheduling/v2alpha2/zz_generated.deepcopy.go:301.88,302.15 1 0
github.com/NVIDIA/KAI-scheduler/pkg/apis/scheduling/v2alpha2/zz_generated.deepcopy.go:302.15,304.3 1 0
github.com/NVIDIA/KAI-scheduler/pkg/apis/scheduling/v2alpha2/zz_generated.deepcopy.go:305.2,307.12 3 0
github.com/NVIDIA/KAI-scheduler/pkg/apis/scheduling/v2alpha2/zz_generated.deepcopy.go:311.82,312.2 1 0
github.com/NVIDIA/KAI-scheduler/pkg/apis/scheduling/v2alpha2/zz_generated.deepcopy.go:312.2,315.22 3 0
github.com/NVIDIA/KAI-scheduler/pkg/apis/scheduling/v2alpha2/zz_generated.deepcopy.go:315.22,317.4 1 0
github.com/NVIDIA/KAI-scheduler/pkg/apis/scheduling/v2alpha2/zz_generated.deepcopy.go:322.74,323.15 1 0
github.com/NVIDIA/KAI-scheduler/pkg/apis/scheduling/v2alpha2/zz_generated.deepcopy.go:323.15,325.3 1 0
github.com/NVIDIA/KAI-scheduler/pkg/apis/scheduling/v2alpha2/zz_generated.deepcopy.go:326.2,328.13 3 0
github.com/NVIDIA/KAI-scheduler/pkg/apis/scheduling/v1alpha2/bindrequest_types.go:82.13,84.2 1 0
github.com/NVIDIA/KAI-scheduler/pkg/apis/scheduling/v1alpha2/groupversion_info.go:29.53,31.2 1 0
github.com/NVIDIA/KAI-scheduler/pkg/apis/scheduling/v1alpha2/zz_generated.deepcopy.go:17.55,23.2 5 0
github.com/NVIDIA/KAI-scheduler/pkg/apis/scheduling/v1alpha2/zz_generated.deepcopy.go:26.48,27.15 1 0
github.com/NVIDIA/KAI-scheduler/pkg/apis/scheduling/v1alpha2/zz_generated.deepcopy.go:27.15,29.3 1 0
github.com/NVIDIA/KAI-scheduler/pkg/apis/scheduling/v1alpha2/zz_generated.deepcopy.go:30.2,32.12 3 0
github.com/NVIDIA/KAI-scheduler/pkg/apis/scheduling/v1alpha2/zz_generated.deepcopy.go:36.56,37.34 1 0
github.com/NVIDIA/KAI-scheduler/pkg/apis/scheduling/v1alpha2/zz_generated.deepcopy.go:37.34,39.3 1 0
github.com/NVIDIA/KAI-scheduler/pkg/apis/scheduling/v1alpha2/zz_generated.deepcopy.go:40.2,40.12 1 0
github.com/NVIDIA/KAI-scheduler/pkg/apis/scheduling/v1alpha2/zz_generated.deepcopy.go:44.63,48.21 4 0
github.com/NVIDIA/KAI-scheduler/pkg/apis/scheduling/v1alpha2/zz_generated.deepcopy.go:48.21,51.22 3 0
github.com/NVIDIA/KAI-scheduler/pkg/apis/scheduling/v1alpha2/zz_generated.deepcopy.go:51.22,53.4 1 0
github.com/NVIDIA/KAI-scheduler/pkg/apis/scheduling/v1alpha2/zz_generated.deepcopy.go:58.56,59.15 1 0
github.com/NVIDIA/KAI-scheduler/pkg/apis/scheduling/v1alpha2/zz_generated.deepcopy.go:59.15,61.3 1 0
github.com/NVIDIA/KAI-scheduler/pkg/apis/scheduling/v1alpha2/zz_generated.deepcopy.go:62.2,64.12 3 0
github.com/NVIDIA/KAI-scheduler/pkg/apis/scheduling/v1alpha2/zz_generated.deepcopy.go:68.60,69.34 1 0
github.com/NVIDIA/KAI-scheduler/pkg/apis/scheduling/v1alpha2/zz_generated.deepcopy.go:69.34,71.3 1 0
github.com/NVIDIA/KAI-scheduler/pkg/apis/scheduling/v1alpha2/zz_generated.deepcopy.go:72.2,72.12 1 0
github.com/NVIDIA/KAI-scheduler/pkg/apis/scheduling/v1alpha2/zz_generated.deepcopy.go:76.63,78.27 2 0
github.com/NVIDIA/KAI-scheduler/pkg/apis/scheduling/v1alpha2/zz_generated.deepcopy.go:78.27,82.3 3 0
github.com/NVIDIA/KAI-scheduler/pkg/apis/scheduling/v1alpha2/zz_generated.deepcopy.go:83.2,83.33 1 0
github.com/NVIDIA/KAI-scheduler/pkg/apis/scheduling/v1alpha2/zz_generated.deepcopy.go:83.33,87.3 3 0
github.com/NVIDIA/KAI-scheduler/pkg/apis/scheduling/v1alpha2/zz_generated.deepcopy.go:88.2,88.28 1 0
github.com/NVIDIA/KAI-scheduler/pkg/apis/scheduling/v1alpha2/zz_generated.deepcopy.go:88.28,92.3 3 0
github.com/NVIDIA/KAI-scheduler/pkg/apis/scheduling/v1alpha2/zz_generated.deepcopy.go:96.56,97.15 1 0
github.com/NVIDIA/KAI-scheduler/pkg/apis/scheduling/v1alpha2/zz_generated.deepcopy.go:97.15,99.3 1 0
github.com/NVIDIA/KAI-scheduler/pkg/apis/scheduling/v1alpha2/zz_generated.deepcopy.go:100.2,102.12 3 0
github.com/NVIDIA/KAI-scheduler/pkg/apis/scheduling/v1alpha2/zz_generated.deepcopy.go:106.67,108.2 1 0
github.com/NVIDIA/KAI-scheduler/pkg/apis/scheduling/v1alpha2/zz_generated.deepcopy.go:111.60,112.15 1 0
github.com/NVIDIA/KAI-scheduler/pkg/apis/scheduling/v1alpha2/zz_generated.deepcopy.go:112.15,114.3 1 0
github.com/NVIDIA/KAI-scheduler/pkg/apis/scheduling/v1alpha2/zz_generated.deepcopy.go:115.2,117.12 3 0
github.com/NVIDIA/KAI-scheduler/pkg/apis/scheduling/v1alpha2/zz_generated.deepcopy.go:121.55,123.2 1 0
github.com/NVIDIA/KAI-scheduler/pkg/apis/scheduling/v1alpha2/zz_generated.deepcopy.go:126.48,127.15 1 0
github.com/NVIDIA/KAI-scheduler/pkg/apis/scheduling/v1alpha2/zz_generated.deepcopy.go:127.15,129.3 1 0
github.com/NVIDIA/KAI-scheduler/pkg/apis/scheduling/v1alpha2/zz_generated.deepcopy.go:130.2,132.12 3 0
github.com/NVIDIA/KAI-scheduler/pkg/apis/client/informers/externalversions/scheduling/v2/interface.go:26.140,28.2 1 0
github.com/NVIDIA/KAI-scheduler/pkg/apis/client/informers/externalversions/scheduling/v2/interface.go:31.42,33.2 1 0
github.com/NVIDIA/KAI-scheduler/pkg/apis/client/informers/externalversions/scheduling/v2/queue.go:39.148,41.2 1 0
github.com/NVIDIA/KAI-scheduler/pkg/apis/client/informers/externalversions/scheduling/v2/queue.go:46.214,49.67 1 0
github.com/NVIDIA/KAI-scheduler/pkg/apis/client/informers/externalversions/scheduling/v2/queue.go:49.67,50.32 1 0
github.com/NVIDIA/KAI-scheduler/pkg/apis/client/informers/externalversions/scheduling/v2/queue.go:50.32,52.6 1 0
github.com/NVIDIA/KAI-scheduler/pkg/apis/client/informers/externalversions/scheduling/v2/queue.go:53.5,53.81 1 0
github.com/NVIDIA/KAI-scheduler/pkg/apis/client/informers/externalversions/scheduling/v2/queue.go:55.69,56.32 1 0
github.com/NVIDIA/KAI-scheduler/pkg/apis/client/informers/externalversions/scheduling/v2/queue.go:56.32,58.6 1 0
github.com/NVIDIA/KAI-scheduler/pkg/apis/client/informers/externalversions/scheduling/v2/queue.go:59.5,59.82 1 0
github.com/NVIDIA/KAI-scheduler/pkg/apis/client/informers/externalversions/scheduling/v2/queue.go:68.123,70.2 1 0
github.com/NVIDIA/KAI-scheduler/pkg/apis/client/informers/externalversions/scheduling/v2/queue.go:72.62,74.2 1 0
github.com/NVIDIA/KAI-scheduler/pkg/apis/client/informers/externalversions/scheduling/v2/queue.go:76.59,78.2 1 0
github.com/NVIDIA/KAI-scheduler/pkg/apis/scheduling/v2/groupversion_info.go:29.53,31.2 1 0
github.com/NVIDIA/KAI-scheduler/pkg/apis/scheduling/v2/queue_types.go:78.13,80.2 1 0
github.com/NVIDIA/KAI-scheduler/pkg/apis/scheduling/v2/queue_types.go:83.22,83.23 0 0
github.com/NVIDIA/KAI-scheduler/pkg/apis/scheduling/v2/queue_webhook.go:21.65,25.2 1 0
github.com/NVIDIA/KAI-scheduler/pkg/apis/scheduling/v2/queue_webhook.go:29.75,32.29 2 0
github.com/NVIDIA/KAI-scheduler/pkg/apis/scheduling/v2/queue_webhook.go:32.29,34.3 1 0
github.com/NVIDIA/KAI-scheduler/pkg/apis/scheduling/v2/queue_webhook.go:35.2,35.17 1 0
github.com/NVIDIA/KAI-scheduler/pkg/apis/scheduling/v2/queue_webhook.go:39.91,42.29 2 0
github.com/NVIDIA/KAI-scheduler/pkg/apis/scheduling/v2/queue_webhook.go:42.29,44.3 1 0
github.com/NVIDIA/KAI-scheduler/pkg/apis/scheduling/v2/queue_webhook.go:45.2,45.17 1 0
github.com/NVIDIA/KAI-scheduler/pkg/apis/scheduling/v2/queue_webhook.go:48.75,51.2 2 0
github.com/NVIDIA/KAI-scheduler/pkg/apis/scheduling/v2/zz_generated.deepcopy.go:18.43,24.2 5 0
github.com/NVIDIA/KAI-scheduler/pkg/apis/scheduling/v2/zz_generated.deepcopy.go:27.36,28.15 1 0
github.com/NVIDIA/KAI-scheduler/pkg/apis/scheduling/v2/zz_generated.deepcopy.go:28.15,30.3 1 0
github.com/NVIDIA/KAI-scheduler/pkg/apis/scheduling/v2/zz_generated.deepcopy.go:31.2,33.12 3 0
github.com/NVIDIA/KAI-scheduler/pkg/apis/scheduling/v2/zz_generated.deepcopy.go:37.50,38.34 1 0
github.com/NVIDIA/KAI-scheduler/pkg/apis/scheduling/v2/zz_generated.deepcopy.go:38.34,40.3 1 0
github.com/NVIDIA/KAI-scheduler/pkg/apis/scheduling/v2/zz_generated.deepcopy.go:41.2,41.12 1 0
github.com/NVIDIA/KAI-scheduler/pkg/apis/scheduling/v2/zz_generated.deepcopy.go:45.61,49.2 3 0
github.com/NVIDIA/KAI-scheduler/pkg/apis/scheduling/v2/zz_generated.deepcopy.go:52.54,53.15 1 0
github.com/NVIDIA/KAI-scheduler/pkg/apis/scheduling/v2/zz_generated.deepcopy.go:53.15,55.3 1 0
github.com/NVIDIA/KAI-scheduler/pkg/apis/scheduling/v2/zz_generated.deepcopy.go:56.2,58.12 3 0
github.com/NVIDIA/KAI-scheduler/pkg/apis/scheduling/v2/zz_generated.deepcopy.go:62.51,66.21 4 0
github.com/NVIDIA/KAI-scheduler/pkg/apis/scheduling/v2/zz_generated.deepcopy.go:66.21,69.22 3 0
github.com/NVIDIA/KAI-scheduler/pkg/apis/scheduling/v2/zz_generated.deepcopy.go:69.22,71.4 1 0
github.com/NVIDIA/KAI-scheduler/pkg/apis/scheduling/v2/zz_generated.deepcopy.go:76.44,77.15 1 0
github.com/NVIDIA/KAI-scheduler/pkg/apis/scheduling/v2/zz_generated.deepcopy.go:77.15,79.3 1 0
github.com/NVIDIA/KAI-scheduler/pkg/apis/scheduling/v2/zz_generated.deepcopy.go:80.2,82.12 3 0
github.com/NVIDIA/KAI-scheduler/pkg/apis/scheduling/v2/zz_generated.deepcopy.go:86.54,87.34 1 0
github.com/NVIDIA/KAI-scheduler/pkg/apis/scheduling/v2/zz_generated.deepcopy.go:87.34,89.3 1 0
github.com/NVIDIA/KAI-scheduler/pkg/apis/scheduling/v2/zz_generated.deepcopy.go:90.2,90.12 1 0
github.com/NVIDIA/KAI-scheduler/pkg/apis/scheduling/v2/zz_generated.deepcopy.go:94.59,96.2 1 0
github.com/NVIDIA/KAI-scheduler/pkg/apis/scheduling/v2/zz_generated.deepcopy.go:99.52,100.15 1 0
github.com/NVIDIA/KAI-scheduler/pkg/apis/scheduling/v2/zz_generated.deepcopy.go:100.15,102.3 1 0
github.com/NVIDIA/KAI-scheduler/pkg/apis/scheduling/v2/zz_generated.deepcopy.go:103.2,105.12 3 0
github.com/NVIDIA/KAI-scheduler/pkg/apis/scheduling/v2/zz_generated.deepcopy.go:109.61,114.2 4 0
github.com/NVIDIA/KAI-scheduler/pkg/apis/scheduling/v2/zz_generated.deepcopy.go:117.54,118.15 1 0
github.com/NVIDIA/KAI-scheduler/pkg/apis/scheduling/v2/zz_generated.deepcopy.go:118.15,120.3 1 0
github.com/NVIDIA/KAI-scheduler/pkg/apis/scheduling/v2/zz_generated.deepcopy.go:121.2,123.12 3 0
github.com/NVIDIA/KAI-scheduler/pkg/apis/scheduling/v2/zz_generated.deepcopy.go:127.51,129.25 2 0
github.com/NVIDIA/KAI-scheduler/pkg/apis/scheduling/v2/zz_generated.deepcopy.go:129.25,133.3 3 0
github.com/NVIDIA/KAI-scheduler/pkg/apis/scheduling/v2/zz_generated.deepcopy.go:134.2,134.24 1 0
github.com/NVIDIA/KAI-scheduler/pkg/apis/scheduling/v2/zz_generated.deepcopy.go:134.24,138.3 3 0
github.com/NVIDIA/KAI-scheduler/pkg/apis/scheduling/v2/zz_generated.deepcopy.go:142.44,143.15 1 0
github.com/NVIDIA/KAI-scheduler/pkg/apis/scheduling/v2/zz_generated.deepcopy.go:143.15,145.3 1 0
github.com/NVIDIA/KAI-scheduler/pkg/apis/scheduling/v2/zz_generated.deepcopy.go:146.2,148.12 3 0
github.com/NVIDIA/KAI-scheduler/pkg/apis/scheduling/v2/zz_generated.deepcopy.go:152.55,154.26 2 0
github.com/NVIDIA/KAI-scheduler/pkg/apis/scheduling/v2/zz_generated.deepcopy.go:154.26,157.22 3 0
github.com/NVIDIA/KAI-scheduler/pkg/apis/scheduling/v2/zz_generated.deepcopy.go:157.22,159.4 1 0
github.com/NVIDIA/KAI-scheduler/pkg/apis/scheduling/v2/zz_generated.deepcopy.go:161.2,161.27 1 0
github.com/NVIDIA/KAI-scheduler/pkg/apis/scheduling/v2/zz_generated.deepcopy.go:161.27,165.3 3 0
github.com/NVIDIA/KAI-scheduler/pkg/apis/scheduling/v2/zz_generated.deepcopy.go:166.2,166.25 1 0
github.com/NVIDIA/KAI-scheduler/pkg/apis/scheduling/v2/zz_generated.deepcopy.go:166.25,169.29 3 0
github.com/NVIDIA/KAI-scheduler/pkg/apis/scheduling/v2/zz_generated.deepcopy.go:169.29,171.4 1 0
github.com/NVIDIA/KAI-scheduler/pkg/apis/scheduling/v2/zz_generated.deepcopy.go:173.2,173.39 1 0
github.com/NVIDIA/KAI-scheduler/pkg/apis/scheduling/v2/zz_generated.deepcopy.go:173.39,176.29 3 0
github.com/NVIDIA/KAI-scheduler/pkg/apis/scheduling/v2/zz_generated.deepcopy.go:176.29,178.4 1 0
github.com/NVIDIA/KAI-scheduler/pkg/apis/scheduling/v2/zz_generated.deepcopy.go:180.2,180.25 1 0
github.com/NVIDIA/KAI-scheduler/pkg/apis/scheduling/v2/zz_generated.deepcopy.go:180.25,183.29 3 0
github.com/NVIDIA/KAI-scheduler/pkg/apis/scheduling/v2/zz_generated.deepcopy.go:183.29,185.4 1 0
github.com/NVIDIA/KAI-scheduler/pkg/apis/scheduling/v2/zz_generated.deepcopy.go:190.48,191.15 1 0
github.com/NVIDIA/KAI-scheduler/pkg/apis/scheduling/v2/zz_generated.deepcopy.go:191.15,193.3 1 0
github.com/NVIDIA/KAI-scheduler/pkg/apis/scheduling/v2/zz_generated.deepcopy.go:194.2,196.12 3 0
github.com/NVIDIA/KAI-scheduler/pkg/apis/client/informers/externalversions/scheduling/v2alpha2/interface.go:26.140,28.2 1 0
github.com/NVIDIA/KAI-scheduler/pkg/apis/client/informers/externalversions/scheduling/v2alpha2/interface.go:31.48,33.2 1 0
github.com/NVIDIA/KAI-scheduler/pkg/apis/client/informers/externalversions/scheduling/v2alpha2/podgroup.go:39.151,41.2 1 0
github.com/NVIDIA/KAI-scheduler/pkg/apis/client/informers/externalversions/scheduling/v2alpha2/podgroup.go:46.217,49.67 1 0
github.com/NVIDIA/KAI-scheduler/pkg/apis/client/informers/externalversions/scheduling/v2alpha2/podgroup.go:49.67,50.32 1 0
github.com/NVIDIA/KAI-scheduler/pkg/apis/client/informers/externalversions/scheduling/v2alpha2/podgroup.go:50.32,52.6 1 0
github.com/NVIDIA/KAI-scheduler/pkg/apis/client/informers/externalversions/scheduling/v2alpha2/podgroup.go:53.5,53.90 1 0
github.com/NVIDIA/KAI-scheduler/pkg/apis/client/informers/externalversions/scheduling/v2alpha2/podgroup.go:55.69,56.32 1 0
github.com/NVIDIA/KAI-scheduler/pkg/apis/client/informers/externalversions/scheduling/v2alpha2/podgroup.go:56.32,58.6 1 0
github.com/NVIDIA/KAI-scheduler/pkg/apis/client/informers/externalversions/scheduling/v2alpha2/podgroup.go:59.5,59.91 1 0
github.com/NVIDIA/KAI-scheduler/pkg/apis/client/informers/externalversions/scheduling/v2alpha2/podgroup.go:68.126,70.2 1 0
github.com/NVIDIA/KAI-scheduler/pkg/apis/client/informers/externalversions/scheduling/v2alpha2/podgroup.go:72.65,74.2 1 0
github.com/NVIDIA/KAI-scheduler/pkg/apis/client/informers/externalversions/scheduling/v2alpha2/podgroup.go:76.71,78.2 1 0
github.com/NVIDIA/KAI-scheduler/pkg/common/gpusharingconfigmap/config_map.go:31.99,55.16 5 1
github.com/NVIDIA/KAI-scheduler/pkg/common/gpusharingconfigmap/config_map.go:55.16,56.30 1 1
github.com/NVIDIA/KAI-scheduler/pkg/common/gpusharingconfigmap/config_map.go:56.30,59.4 1 0
github.com/NVIDIA/KAI-scheduler/pkg/common/gpusharingconfigmap/config_map.go:60.3,61.17 2 1
github.com/NVIDIA/KAI-scheduler/pkg/common/gpusharingconfigmap/config_map.go:61.17,64.4 1 0
github.com/NVIDIA/KAI-scheduler/pkg/common/gpusharingconfigmap/config_map.go:65.3,65.13 1 1
github.com/NVIDIA/KAI-scheduler/pkg/common/gpusharingconfigmap/config_map.go:67.2,70.16 3 1
github.com/NVIDIA/KAI-scheduler/pkg/common/gpusharingconfigmap/config_map.go:70.16,72.3 1 0
github.com/NVIDIA/KAI-scheduler/pkg/common/gpusharingconfigmap/config_map.go:73.2,73.12 1 1
github.com/NVIDIA/KAI-scheduler/pkg/common/gpusharingconfigmap/config_map.go:78.9,80.126 2 1
github.com/NVIDIA/KAI-scheduler/pkg/common/gpusharingconfigmap/config_map.go:80.126,85.17 3 1
github.com/NVIDIA/KAI-scheduler/pkg/common/gpusharingconfigmap/config_map.go:85.17,88.4 1 0
github.com/NVIDIA/KAI-scheduler/pkg/common/gpusharingconfigmap/config_map.go:89.8,94.43 3 0
github.com/NVIDIA/KAI-scheduler/pkg/common/gpusharingconfigmap/config_map.go:94.43,95.19 1 0
github.com/NVIDIA/KAI-scheduler/pkg/common/gpusharingconfigmap/config_map.go:95.19,97.5 1 0
github.com/NVIDIA/KAI-scheduler/pkg/common/gpusharingconfigmap/config_map.go:99.3,100.17 2 0
github.com/NVIDIA/KAI-scheduler/pkg/common/gpusharingconfigmap/config_map.go:100.17,103.4 1 0
github.com/NVIDIA/KAI-scheduler/pkg/common/gpusharingconfigmap/config_map.go:106.2,108.12 2 1
github.com/NVIDIA/KAI-scheduler/pkg/common/gpusharingconfigmap/config_map.go:111.107,113.12 2 0
github.com/NVIDIA/KAI-scheduler/pkg/common/gpusharingconfigmap/config_map.go:113.12,116.3 2 0
github.com/NVIDIA/KAI-scheduler/pkg/common/gpusharingconfigmap/config_map.go:117.2,118.36 2 0
github.com/NVIDIA/KAI-scheduler/pkg/common/gpusharingconfigmap/config_map.go:118.36,120.3 1 0
github.com/NVIDIA/KAI-scheduler/pkg/common/gpusharingconfigmap/config_map.go:121.2,123.34 2 0
github.com/NVIDIA/KAI-scheduler/pkg/common/gpusharingconfigmap/config_map.go:126.74,128.34 2 0
github.com/NVIDIA/KAI-scheduler/pkg/common/gpusharingconfigmap/config_map.go:128.34,130.3 1 0
github.com/NVIDIA/KAI-scheduler/pkg/common/gpusharingconfigmap/config_map.go:133.2,138.39 4 0
github.com/NVIDIA/KAI-scheduler/pkg/common/gpusharingconfigmap/config_map.go:138.39,140.3 1 0
github.com/NVIDIA/KAI-scheduler/pkg/common/gpusharingconfigmap/config_map.go:141.2,142.67 1 0
github.com/NVIDIA/KAI-scheduler/pkg/common/gpusharingconfigmap/config_map.go:145.117,147.36 2 1
github.com/NVIDIA/KAI-scheduler/pkg/common/gpusharingconfigmap/config_map.go:147.36,149.3 1 0
github.com/NVIDIA/KAI-scheduler/pkg/common/gpusharingconfigmap/config_map.go:151.2,152.12 2 1
github.com/NVIDIA/KAI-scheduler/pkg/common/gpusharingconfigmap/config_map.go:152.12,154.3 1 1
github.com/NVIDIA/KAI-scheduler/pkg/common/gpusharingconfigmap/config_map.go:155.2,156.39 2 1
github.com/NVIDIA/KAI-scheduler/pkg/common/gpusharingconfigmap/config_map.go:159.118,161.16 2 0
github.com/NVIDIA/KAI-scheduler/pkg/common/gpusharingconfigmap/config_map.go:161.16,163.3 1 0
github.com/NVIDIA/KAI-scheduler/pkg/common/gpusharingconfigmap/config_map.go:164.2,164.52 1 0
github.com/NVIDIA/KAI-scheduler/pkg/common/gpusharingconfigmap/config_map.go:167.94,170.16 3 1
github.com/NVIDIA/KAI-scheduler/pkg/common/gpusharingconfigmap/config_map.go:170.16,172.3 1 1
github.com/NVIDIA/KAI-scheduler/pkg/common/gpusharingconfigmap/config_map.go:173.2,176.34 3 1
github.com/NVIDIA/KAI-scheduler/pkg/common/gpusharingconfigmap/config_map.go:179.61,181.42 2 1
github.com/NVIDIA/KAI-scheduler/pkg/common/gpusharingconfigmap/config_map.go:181.42,182.30 1 1
github.com/NVIDIA/KAI-scheduler/pkg/common/gpusharingconfigmap/config_map.go:182.30,183.12 1 1
github.com/NVIDIA/KAI-scheduler/pkg/common/gpusharingconfigmap/config_map.go:186.3,187.59 2 1
github.com/NVIDIA/KAI-scheduler/pkg/common/gpusharingconfigmap/config_map.go:187.59,188.20 1 1
github.com/NVIDIA/KAI-scheduler/pkg/common/gpusharingconfigmap/config_map.go:188.20,191.5 1 1
github.com/NVIDIA/KAI-scheduler/pkg/common/gpusharingconfigmap/config_map.go:192.4,192.27 1 1
github.com/NVIDIA/KAI-scheduler/pkg/common/gpusharingconfigmap/config_map.go:196.2,196.18 1 1
github.com/NVIDIA/KAI-scheduler/pkg/common/gpusharingconfigmap/config_map.go:196.18,199.3 1 1
github.com/NVIDIA/KAI-scheduler/pkg/common/gpusharingconfigmap/config_map.go:201.2,201.20 1 1
github.com/NVIDIA/KAI-scheduler/pkg/common/gpusharingconfigmap/config_map.go:204.113,208.16 4 1
github.com/NVIDIA/KAI-scheduler/pkg/common/gpusharingconfigmap/config_map.go:208.16,211.3 1 0
github.com/NVIDIA/KAI-scheduler/pkg/common/gpusharingconfigmap/config_map.go:212.2,212.12 1 1
github.com/NVIDIA/KAI-scheduler/pkg/common/gpusharingconfigmap/config_map.go:215.59,216.28 1 1
github.com/NVIDIA/KAI-scheduler/pkg/common/gpusharingconfigmap/config_map.go:216.28,218.3 1 0
github.com/NVIDIA/KAI-scheduler/pkg/common/gpusharingconfigmap/config_map.go:219.2,219.51 1 1
github.com/NVIDIA/KAI-scheduler/pkg/common/gpusharingconfigmap/config_map.go:222.60,227.2 4 0
github.com/NVIDIA/KAI-scheduler/pkg/common/gpusharingconfigmap/config_map.go:230.94,235.2 1 1
github.com/NVIDIA/KAI-scheduler/pkg/common/gpusharingconfigmap/config_map.go:240.83,244.34 3 1
github.com/NVIDIA/KAI-scheduler/pkg/common/gpusharingconfigmap/config_map.go:244.34,247.3 2 0
github.com/NVIDIA/KAI-scheduler/pkg/common/gpusharingconfigmap/config_map.go:249.2,249.33 1 1
github.com/NVIDIA/KAI-scheduler/pkg/common/gpusharingconfigmap/config_map.go:249.33,251.34 2 1
github.com/NVIDIA/KAI-scheduler/pkg/common/gpusharingconfigmap/config_map.go:251.34,252.49 1 1
github.com/NVIDIA/KAI-scheduler/pkg/common/gpusharingconfigmap/config_map.go:252.49,254.10 2 0
github.com/NVIDIA/KAI-scheduler/pkg/common/gpusharingconfigmap/config_map.go:258.3,258.13 1 1
github.com/NVIDIA/KAI-scheduler/pkg/common/gpusharingconfigmap/config_map.go:258.13,261.4 2 1
github.com/NVIDIA/KAI-scheduler/pkg/common/gpusharingconfigmap/config_map.go:264.2,264.26 1 1
github.com/NVIDIA/KAI-scheduler/pkg/common/gpusharingconfigmap/config_map.go:267.68,268.68 1 0
github.com/NVIDIA/KAI-scheduler/pkg/common/gpusharingconfigmap/config_map.go:268.68,270.3 1 0
github.com/NVIDIA/KAI-scheduler/pkg/common/gpusharingconfigmap/config_map.go:270.8,272.3 1 0
github.com/NVIDIA/KAI-scheduler/pkg/podgrouper/podgrouper/plugins/kubeflow/notebook/notebook_grouper.go:15.104,17.16 2 0
github.com/NVIDIA/KAI-scheduler/pkg/podgrouper/podgrouper/plugins/kubeflow/notebook/notebook_grouper.go:17.16,19.3 1 0
github.com/NVIDIA/KAI-scheduler/pkg/podgrouper/podgrouper/plugins/kubeflow/notebook/notebook_grouper.go:20.2,21.22 2 0
github.com/NVIDIA/KAI-scheduler/pkg/podgrouper/podgrouper/plugins/kubeflow/mpi/mpi-grouper.go:20.104,23.2 1 0
github.com/NVIDIA/KAI-scheduler/pkg/podgrouper/podgrouper/plugins/kubeflow/jax/jax-grouper.go:20.104,22.2 1 0
github.com/NVIDIA/KAI-scheduler/pkg/podgrouper/podgrouper/plugins/kubeflow/xgboost/xgboost-grouper.go:20.104,22.2 1 0
github.com/NVIDIA/KAI-scheduler/pkg/podgrouper/podgrouper/plugins/kubeflow/tensorflow/tensorflow-grouper.go:18.104,20.2 1 0
github.com/NVIDIA/KAI-scheduler/pkg/podgrouper/podgrouper/plugins/podjob/podjob.go:15.104,16.27 1 0
github.com/NVIDIA/KAI-scheduler/pkg/podgrouper/podgrouper/plugins/podjob/podjob.go:16.27,18.3 1 0
github.com/NVIDIA/KAI-scheduler/pkg/podgrouper/podgrouper/plugins/podjob/podjob.go:19.2,19.51 1 0
github.com/NVIDIA/KAI-scheduler/pkg/apis/scheduling/v2alpha2/groupversion_info.go:29.53,31.2 1 0
github.com/NVIDIA/KAI-scheduler/pkg/apis/scheduling/v2alpha2/podgroup_types.go:272.52,274.22 2 0
github.com/NVIDIA/KAI-scheduler/pkg/apis/scheduling/v2alpha2/podgroup_types.go:274.22,279.3 4 0
github.com/NVIDIA/KAI-scheduler/pkg/apis/scheduling/v2alpha2/podgroup_types.go:280.2,280.20 1 0
github.com/NVIDIA/KAI-scheduler/pkg/apis/scheduling/v2alpha2/podgroup_types.go:283.13,285.2 1 1
github.com/NVIDIA/KAI-scheduler/pkg/apis/scheduling/v2alpha2/zz_generated.deepcopy.go:18.49,24.2 5 0
github.com/NVIDIA/KAI-scheduler/pkg/apis/scheduling/v2alpha2/zz_generated.deepcopy.go:27.42,28.15 1 0
github.com/NVIDIA/KAI-scheduler/pkg/apis/scheduling/v2alpha2/zz_generated.deepcopy.go:28.15,30.3 1 0
github.com/NVIDIA/KAI-scheduler/pkg/apis/scheduling/v2alpha2/zz_generated.deepcopy.go:31.2,33.12 3 0
github.com/NVIDIA/KAI-scheduler/pkg/apis/scheduling/v2alpha2/zz_generated.deepcopy.go:37.53,38.34 1 0
github.com/NVIDIA/KAI-scheduler/pkg/apis/scheduling/v2alpha2/zz_generated.deepcopy.go:38.34,40.3 1 0
github.com/NVIDIA/KAI-scheduler/pkg/apis/scheduling/v2alpha2/zz_generated.deepcopy.go:41.2,41.12 1 0
github.com/NVIDIA/KAI-scheduler/pkg/apis/scheduling/v2alpha2/zz_generated.deepcopy.go:45.67,48.2 2 0
github.com/NVIDIA/KAI-scheduler/pkg/apis/scheduling/v2alpha2/zz_generated.deepcopy.go:51.60,52.15 1 0
github.com/NVIDIA/KAI-scheduler/pkg/apis/scheduling/v2alpha2/zz_generated.deepcopy.go:52.15,54.3 1 0
github.com/NVIDIA/KAI-scheduler/pkg/apis/scheduling/v2alpha2/zz_generated.deepcopy.go:55.2,57.12 3 0
github.com/NVIDIA/KAI-scheduler/pkg/apis/scheduling/v2alpha2/zz_generated.deepcopy.go:61.57,65.21 4 0
github.com/NVIDIA/KAI-scheduler/pkg/apis/scheduling/v2alpha2/zz_generated.deepcopy.go:65.21,68.22 3 0
github.com/NVIDIA/KAI-scheduler/pkg/apis/scheduling/v2alpha2/zz_generated.deepcopy.go:68.22,70.4 1 0
github.com/NVIDIA/KAI-scheduler/pkg/apis/scheduling/v2alpha2/zz_generated.deepcopy.go:75.50,76.15 1 0
github.com/NVIDIA/KAI-scheduler/pkg/apis/scheduling/v2alpha2/zz_generated.deepcopy.go:76.15,78.3 1 0
github.com/NVIDIA/KAI-scheduler/pkg/apis/scheduling/v2alpha2/zz_generated.deepcopy.go:79.2,81.12 3 0
github.com/NVIDIA/KAI-scheduler/pkg/apis/scheduling/v2alpha2/zz_generated.deepcopy.go:85.57,86.34 1 0
github.com/NVIDIA/KAI-scheduler/pkg/apis/scheduling/v2alpha2/zz_generated.deepcopy.go:86.34,88.3 1 0
github.com/NVIDIA/KAI-scheduler/pkg/apis/scheduling/v2alpha2/zz_generated.deepcopy.go:89.2,89.12 1 0
github.com/NVIDIA/KAI-scheduler/pkg/apis/scheduling/v2alpha2/zz_generated.deepcopy.go:93.79,95.25 2 0
github.com/NVIDIA/KAI-scheduler/pkg/apis/scheduling/v2alpha2/zz_generated.deepcopy.go:95.25,98.29 3 0
github.com/NVIDIA/KAI-scheduler/pkg/apis/scheduling/v2alpha2/zz_generated.deepcopy.go:98.29,100.4 1 0
github.com/NVIDIA/KAI-scheduler/pkg/apis/scheduling/v2alpha2/zz_generated.deepcopy.go:102.2,102.39 1 0
github.com/NVIDIA/KAI-scheduler/pkg/apis/scheduling/v2alpha2/zz_generated.deepcopy.go:102.39,105.29 3 0
github.com/NVIDIA/KAI-scheduler/pkg/apis/scheduling/v2alpha2/zz_generated.deepcopy.go:105.29,107.4 1 0
github.com/NVIDIA/KAI-scheduler/pkg/apis/scheduling/v2alpha2/zz_generated.deepcopy.go:109.2,109.25 1 0
github.com/NVIDIA/KAI-scheduler/pkg/apis/scheduling/v2alpha2/zz_generated.deepcopy.go:109.25,112.29 3 0
github.com/NVIDIA/KAI-scheduler/pkg/apis/scheduling/v2alpha2/zz_generated.deepcopy.go:112.29,114.4 1 0
github.com/NVIDIA/KAI-scheduler/pkg/apis/scheduling/v2alpha2/zz_generated.deepcopy.go:119.72,120.15 1 0
github.com/NVIDIA/KAI-scheduler/pkg/apis/scheduling/v2alpha2/zz_generated.deepcopy.go:120.15,122.3 1 0
github.com/NVIDIA/KAI-scheduler/pkg/apis/scheduling/v2alpha2/zz_generated.deepcopy.go:123.2,125.12 3 0
github.com/NVIDIA/KAI-scheduler/pkg/apis/scheduling/v2alpha2/zz_generated.deepcopy.go:129.57,131.33 2 0
github.com/NVIDIA/KAI-scheduler/pkg/apis/scheduling/v2alpha2/zz_generated.deepcopy.go:131.33,135.3 3 0
github.com/NVIDIA/KAI-scheduler/pkg/apis/scheduling/v2alpha2/zz_generated.deepcopy.go:136.2,136.33 1 0
github.com/NVIDIA/KAI-scheduler/pkg/apis/scheduling/v2alpha2/zz_generated.deepcopy.go:136.33,140.3 3 0
github.com/NVIDIA/KAI-scheduler/pkg/apis/scheduling/v2alpha2/zz_generated.deepcopy.go:144.50,145.15 1 0
github.com/NVIDIA/KAI-scheduler/pkg/apis/scheduling/v2alpha2/zz_generated.deepcopy.go:145.15,147.3 1 0
github.com/NVIDIA/KAI-scheduler/pkg/apis/scheduling/v2alpha2/zz_generated.deepcopy.go:148.2,150.12 3 0
github.com/NVIDIA/KAI-scheduler/pkg/apis/scheduling/v2alpha2/zz_generated.deepcopy.go:154.61,156.26 2 0
github.com/NVIDIA/KAI-scheduler/pkg/apis/scheduling/v2alpha2/zz_generated.deepcopy.go:156.26,159.22 3 0
github.com/NVIDIA/KAI-scheduler/pkg/apis/scheduling/v2alpha2/zz_generated.deepcopy.go:159.22,161.4 1 0
github.com/NVIDIA/KAI-scheduler/pkg/apis/scheduling/v2alpha2/zz_generated.deepcopy.go:163.2,164.36 2 0
github.com/NVIDIA/KAI-scheduler/pkg/apis/scheduling/v2alpha2/zz_generated.deepcopy.go:164.36,167.22 3 0
github.com/NVIDIA/KAI-scheduler/pkg/apis/scheduling/v2alpha2/zz_generated.deepcopy.go:167.22,169.4 1 0
github.com/NVIDIA/KAI-scheduler/pkg/apis/scheduling/v2alpha2/zz_generated.deepcopy.go:174.54,175.15 1 0
github.com/NVIDIA/KAI-scheduler/pkg/apis/scheduling/v2alpha2/zz_generated.deepcopy.go:175.15,177.3 1 0
github.com/NVIDIA/KAI-scheduler/pkg/apis/scheduling/v2alpha2/zz_generated.deepcopy.go:178.2,180.12 3 0
github.com/NVIDIA/KAI-scheduler/pkg/apis/scheduling/v2alpha2/zz_generated.deepcopy.go:184.57,186.39 2 0
github.com/NVIDIA/KAI-scheduler/pkg/apis/scheduling/v2alpha2/zz_generated.deepcopy.go:186.39,189.29 3 0
github.com/NVIDIA/KAI-scheduler/pkg/apis/scheduling/v2alpha2/zz_generated.deepcopy.go:189.29,191.4 1 0
github.com/NVIDIA/KAI-scheduler/pkg/apis/scheduling/v2alpha2/zz_generated.deepcopy.go:193.2,193.38 1 0
github.com/NVIDIA/KAI-scheduler/pkg/apis/scheduling/v2alpha2/zz_generated.deepcopy.go:193.38,196.29 3 0
github.com/NVIDIA/KAI-scheduler/pkg/apis/scheduling/v2alpha2/zz_generated.deepcopy.go:196.29,198.4 1 0
github.com/NVIDIA/KAI-scheduler/pkg/apis/scheduling/v2alpha2/zz_generated.deepcopy.go:200.2,200.39 1 0
github.com/NVIDIA/KAI-scheduler/pkg/apis/scheduling/v2alpha2/zz_generated.deepcopy.go:200.39,203.29 3 0
github.com/NVIDIA/KAI-scheduler/pkg/apis/scheduling/v2alpha2/zz_generated.deepcopy.go:203.29,205.4 1 0
github.com/NVIDIA/KAI-scheduler/pkg/apis/scheduling/v2alpha2/zz_generated.deepcopy.go:207.2,207.53 1 0
github.com/NVIDIA/KAI-scheduler/pkg/apis/scheduling/v2alpha2/zz_generated.deepcopy.go:207.53,210.29 3 0
github.com/NVIDIA/KAI-scheduler/pkg/apis/scheduling/v2alpha2/zz_generated.deepcopy.go:210.29,212.4 1 0
github.com/NVIDIA/KAI-scheduler/pkg/apis/scheduling/v2alpha2/zz_generated.deepcopy.go:214.2,214.35 1 0
github.com/NVIDIA/KAI-scheduler/pkg/apis/scheduling/v2alpha2/zz_generated.deepcopy.go:214.35,217.29 3 0
github.com/NVIDIA/KAI-scheduler/pkg/apis/scheduling/v2alpha2/zz_generated.deepcopy.go:217.29,219.4 1 0
github.com/NVIDIA/KAI-scheduler/pkg/apis/scheduling/v2alpha2/zz_generated.deepcopy.go:221.2,221.42 1 0
github.com/NVIDIA/KAI-scheduler/pkg/apis/scheduling/v2alpha2/zz_generated.deepcopy.go:221.42,224.29 3 0
github.com/NVIDIA/KAI-scheduler/pkg/apis/scheduling/v2alpha2/zz_generated.deepcopy.go:224.29,226.4 1 0
github.com/NVIDIA/KAI-scheduler/pkg/apis/scheduling/v2alpha2/zz_generated.deepcopy.go:228.2,228.56 1 0
github.com/NVIDIA/KAI-scheduler/pkg/apis/scheduling/v2alpha2/zz_generated.deepcopy.go:228.56,231.29 3 0
github.com/NVIDIA/KAI-scheduler/pkg/apis/scheduling/v2alpha2/zz_generated.deepcopy.go:231.29,233.4 1 0
github.com/NVIDIA/KAI-scheduler/pkg/apis/scheduling/v2alpha2/zz_generated.deepcopy.go:238.50,239.15 1 0
github.com/NVIDIA/KAI-scheduler/pkg/apis/scheduling/v2alpha2/zz_generated.deepcopy.go:239.15,241.3 1 0
github.com/NVIDIA/KAI-scheduler/pkg/apis/scheduling/v2alpha2/zz_generated.deepcopy.go:242.2,244.12 3 0
github.com/NVIDIA/KAI-scheduler/pkg/apis/scheduling/v2alpha2/zz_generated.deepcopy.go:248.71,250.23 2 0
github.com/NVIDIA/KAI-scheduler/pkg/apis/scheduling/v2alpha2/zz_generated.deepcopy.go:250.23,253.22 3 0
github.com/NVIDIA/KAI-scheduler/pkg/apis/scheduling/v2alpha2/zz_generated.deepcopy.go:253.22,255.4 1 0
github.com/NVIDIA/KAI-scheduler/pkg/apis/scheduling/v2alpha2/zz_generated.deepcopy.go:257.2,257.61 1 0
github.com/NVIDIA/KAI-scheduler/pkg/apis/scheduling/v2alpha2/zz_generated.deepcopy.go:261.64,262.15 1 0
github.com/NVIDIA/KAI-scheduler/pkg/apis/scheduling/v2alpha2/zz_generated.deepcopy.go:262.15,264.3 1 0
github.com/NVIDIA/KAI-scheduler/pkg/apis/scheduling/v2alpha2/zz_generated.deepcopy.go:265.2,267.12 3 0
github.com/NVIDIA/KAI-scheduler/pkg/apis/scheduling/v2alpha2/zz_generated.deepcopy.go:271.81,273.23 2 0
github.com/NVIDIA/KAI-scheduler/pkg/apis/scheduling/v2alpha2/zz_generated.deepcopy.go:273.23,277.3 3 0
github.com/NVIDIA/KAI-scheduler/pkg/apis/scheduling/v2alpha2/zz_generated.deepcopy.go:281.74,282.15 1 0
github.com/NVIDIA/KAI-scheduler/pkg/apis/scheduling/v2alpha2/zz_generated.deepcopy.go:282.15,284.3 1 0
github.com/NVIDIA/KAI-scheduler/pkg/apis/scheduling/v2alpha2/zz_generated.deepcopy.go:285.2,287.12 3 0
github.com/NVIDIA/KAI-scheduler/pkg/apis/scheduling/v2alpha2/zz_generated.deepcopy.go:291.95,293.28 2 0
github.com/NVIDIA/KAI-scheduler/pkg/apis/scheduling/v2alpha2/zz_generated.deepcopy.go:293.28,297.3 3 0
github.com/NVIDIA/KAI-scheduler/pkg/apis/scheduling/v2alpha2/zz_generated.deepcopy.go:301.88,302.15 1 0
github.com/NVIDIA/KAI-scheduler/pkg/apis/scheduling/v2alpha2/zz_generated.deepcopy.go:302.15,304.3 1 0
github.com/NVIDIA/KAI-scheduler/pkg/apis/scheduling/v2alpha2/zz_generated.deepcopy.go:305.2,307.12 3 0
github.com/NVIDIA/KAI-scheduler/pkg/apis/scheduling/v2alpha2/zz_generated.deepcopy.go:311.82,312.2 1 0
github.com/NVIDIA/KAI-scheduler/pkg/apis/scheduling/v2alpha2/zz_generated.deepcopy.go:312.2,315.22 3 0
github.com/NVIDIA/KAI-scheduler/pkg/apis/scheduling/v2alpha2/zz_generated.deepcopy.go:315.22,317.4 1 0
github.com/NVIDIA/KAI-scheduler/pkg/apis/scheduling/v2alpha2/zz_generated.deepcopy.go:322.74,323.15 1 0
github.com/NVIDIA/KAI-scheduler/pkg/apis/scheduling/v2alpha2/zz_generated.deepcopy.go:323.15,325.3 1 0
github.com/NVIDIA/KAI-scheduler/pkg/apis/scheduling/v2alpha2/zz_generated.deepcopy.go:326.2,328.13 3 0
github.com/NVIDIA/KAI-scheduler/pkg/podgrouper/podgrouper/plugins/kubeflow/distributed_common.go:17.83,19.16 2 1
github.com/NVIDIA/KAI-scheduler/pkg/podgrouper/podgrouper/plugins/kubeflow/distributed_common.go:19.16,21.3 1 0
github.com/NVIDIA/KAI-scheduler/pkg/podgrouper/podgrouper/plugins/kubeflow/distributed_common.go:23.2,24.16 2 1
github.com/NVIDIA/KAI-scheduler/pkg/podgrouper/podgrouper/plugins/kubeflow/distributed_common.go:24.16,26.3 1 0
github.com/NVIDIA/KAI-scheduler/pkg/podgrouper/podgrouper/plugins/kubeflow/distributed_common.go:27.2,27.11 1 1
github.com/NVIDIA/KAI-scheduler/pkg/podgrouper/podgrouper/plugins/kubeflow/distributed_common.go:27.11,30.3 2 1
github.com/NVIDIA/KAI-scheduler/pkg/podgrouper/podgrouper/plugins/kubeflow/distributed_common.go:32.2,34.16 2 1
github.com/NVIDIA/KAI-scheduler/pkg/podgrouper/podgrouper/plugins/kubeflow/distributed_common.go:34.16,36.3 1 1
github.com/NVIDIA/KAI-scheduler/pkg/podgrouper/podgrouper/plugins/kubeflow/distributed_common.go:37.2,39.30 2 1
github.com/NVIDIA/KAI-scheduler/pkg/podgrouper/podgrouper/plugins/kubeflow/distributed_common.go:45.36,47.16 2 1
github.com/NVIDIA/KAI-scheduler/pkg/podgrouper/podgrouper/plugins/kubeflow/distributed_common.go:47.16,49.3 1 0
github.com/NVIDIA/KAI-scheduler/pkg/podgrouper/podgrouper/plugins/kubeflow/distributed_common.go:50.2,50.12 1 1
github.com/NVIDIA/KAI-scheduler/pkg/podgrouper/podgrouper/plugins/kubeflow/distributed_common.go:50.12,53.3 1 0
github.com/NVIDIA/KAI-scheduler/pkg/podgrouper/podgrouper/plugins/kubeflow/distributed_common.go:55.2,55.42 1 1
github.com/NVIDIA/KAI-scheduler/pkg/podgrouper/podgrouper/plugins/kubeflow/distributed_common.go:55.42,56.45 1 1
github.com/NVIDIA/KAI-scheduler/pkg/podgrouper/podgrouper/plugins/kubeflow/distributed_common.go:56.45,59.4 1 1
github.com/NVIDIA/KAI-scheduler/pkg/podgrouper/podgrouper/plugins/kubeflow/distributed_common.go:62.2,62.37 1 1
github.com/NVIDIA/KAI-scheduler/pkg/podgrouper/podgrouper/plugins/kubeflow/distributed_common.go:62.37,64.17 2 1
github.com/NVIDIA/KAI-scheduler/pkg/podgrouper/podgrouper/plugins/kubeflow/distributed_common.go:64.17,66.4 1 0
github.com/NVIDIA/KAI-scheduler/pkg/podgrouper/podgrouper/plugins/kubeflow/distributed_common.go:67.3,67.30 1 1
github.com/NVIDIA/KAI-scheduler/pkg/podgrouper/podgrouper/plugins/kubeflow/distributed_common.go:67.30,70.4 1 1
github.com/NVIDIA/KAI-scheduler/pkg/podgrouper/podgrouper/plugins/kubeflow/distributed_common.go:71.3,71.28 1 1
github.com/NVIDIA/KAI-scheduler/pkg/podgrouper/podgrouper/plugins/kubeflow/distributed_common.go:74.2,74.24 1 1
github.com/NVIDIA/KAI-scheduler/pkg/podgrouper/podgrouper/plugins/kubeflow/distributed_common.go:74.24,78.3 1 0
github.com/NVIDIA/KAI-scheduler/pkg/podgrouper/podgrouper/plugins/kubeflow/distributed_common.go:80.2,80.27 1 1
github.com/NVIDIA/KAI-scheduler/pkg/apis/scheduling/v2alpha2/groupversion_info.go:29.53,31.2 1 0
github.com/NVIDIA/KAI-scheduler/pkg/apis/scheduling/v2alpha2/podgroup_types.go:272.52,274.22 2 0
github.com/NVIDIA/KAI-scheduler/pkg/apis/scheduling/v2alpha2/podgroup_types.go:274.22,279.3 4 0
github.com/NVIDIA/KAI-scheduler/pkg/apis/scheduling/v2alpha2/podgroup_types.go:280.2,280.20 1 0
github.com/NVIDIA/KAI-scheduler/pkg/apis/scheduling/v2alpha2/podgroup_types.go:283.13,285.2 1 1
github.com/NVIDIA/KAI-scheduler/pkg/apis/scheduling/v2alpha2/zz_generated.deepcopy.go:18.49,24.2 5 0
github.com/NVIDIA/KAI-scheduler/pkg/apis/scheduling/v2alpha2/zz_generated.deepcopy.go:27.42,28.15 1 0
github.com/NVIDIA/KAI-scheduler/pkg/apis/scheduling/v2alpha2/zz_generated.deepcopy.go:28.15,30.3 1 0
github.com/NVIDIA/KAI-scheduler/pkg/apis/scheduling/v2alpha2/zz_generated.deepcopy.go:31.2,33.12 3 0
github.com/NVIDIA/KAI-scheduler/pkg/apis/scheduling/v2alpha2/zz_generated.deepcopy.go:37.53,38.34 1 0
github.com/NVIDIA/KAI-scheduler/pkg/apis/scheduling/v2alpha2/zz_generated.deepcopy.go:38.34,40.3 1 0
github.com/NVIDIA/KAI-scheduler/pkg/apis/scheduling/v2alpha2/zz_generated.deepcopy.go:41.2,41.12 1 0
github.com/NVIDIA/KAI-scheduler/pkg/apis/scheduling/v2alpha2/zz_generated.deepcopy.go:45.67,48.2 2 0
github.com/NVIDIA/KAI-scheduler/pkg/apis/scheduling/v2alpha2/zz_generated.deepcopy.go:51.60,52.15 1 0
github.com/NVIDIA/KAI-scheduler/pkg/apis/scheduling/v2alpha2/zz_generated.deepcopy.go:52.15,54.3 1 0
github.com/NVIDIA/KAI-scheduler/pkg/apis/scheduling/v2alpha2/zz_generated.deepcopy.go:55.2,57.12 3 0
github.com/NVIDIA/KAI-scheduler/pkg/apis/scheduling/v2alpha2/zz_generated.deepcopy.go:61.57,65.21 4 0
github.com/NVIDIA/KAI-scheduler/pkg/apis/scheduling/v2alpha2/zz_generated.deepcopy.go:65.21,68.22 3 0
github.com/NVIDIA/KAI-scheduler/pkg/apis/scheduling/v2alpha2/zz_generated.deepcopy.go:68.22,70.4 1 0
github.com/NVIDIA/KAI-scheduler/pkg/apis/scheduling/v2alpha2/zz_generated.deepcopy.go:75.50,76.15 1 0
github.com/NVIDIA/KAI-scheduler/pkg/apis/scheduling/v2alpha2/zz_generated.deepcopy.go:76.15,78.3 1 0
github.com/NVIDIA/KAI-scheduler/pkg/apis/scheduling/v2alpha2/zz_generated.deepcopy.go:79.2,81.12 3 0
github.com/NVIDIA/KAI-scheduler/pkg/apis/scheduling/v2alpha2/zz_generated.deepcopy.go:85.57,86.34 1 0
github.com/NVIDIA/KAI-scheduler/pkg/apis/scheduling/v2alpha2/zz_generated.deepcopy.go:86.34,88.3 1 0
github.com/NVIDIA/KAI-scheduler/pkg/apis/scheduling/v2alpha2/zz_generated.deepcopy.go:89.2,89.12 1 0
github.com/NVIDIA/KAI-scheduler/pkg/apis/scheduling/v2alpha2/zz_generated.deepcopy.go:93.79,95.25 2 0
github.com/NVIDIA/KAI-scheduler/pkg/apis/scheduling/v2alpha2/zz_generated.deepcopy.go:95.25,98.29 3 0
github.com/NVIDIA/KAI-scheduler/pkg/apis/scheduling/v2alpha2/zz_generated.deepcopy.go:98.29,100.4 1 0
github.com/NVIDIA/KAI-scheduler/pkg/apis/scheduling/v2alpha2/zz_generated.deepcopy.go:102.2,102.39 1 0
github.com/NVIDIA/KAI-scheduler/pkg/apis/scheduling/v2alpha2/zz_generated.deepcopy.go:102.39,105.29 3 0
github.com/NVIDIA/KAI-scheduler/pkg/apis/scheduling/v2alpha2/zz_generated.deepcopy.go:105.29,107.4 1 0
github.com/NVIDIA/KAI-scheduler/pkg/apis/scheduling/v2alpha2/zz_generated.deepcopy.go:109.2,109.25 1 0
github.com/NVIDIA/KAI-scheduler/pkg/apis/scheduling/v2alpha2/zz_generated.deepcopy.go:109.25,112.29 3 0
github.com/NVIDIA/KAI-scheduler/pkg/apis/scheduling/v2alpha2/zz_generated.deepcopy.go:112.29,114.4 1 0
github.com/NVIDIA/KAI-scheduler/pkg/apis/scheduling/v2alpha2/zz_generated.deepcopy.go:119.72,120.15 1 0
github.com/NVIDIA/KAI-scheduler/pkg/apis/scheduling/v2alpha2/zz_generated.deepcopy.go:120.15,122.3 1 0
github.com/NVIDIA/KAI-scheduler/pkg/apis/scheduling/v2alpha2/zz_generated.deepcopy.go:123.2,125.12 3 0
github.com/NVIDIA/KAI-scheduler/pkg/apis/scheduling/v2alpha2/zz_generated.deepcopy.go:129.57,131.33 2 0
github.com/NVIDIA/KAI-scheduler/pkg/apis/scheduling/v2alpha2/zz_generated.deepcopy.go:131.33,135.3 3 0
github.com/NVIDIA/KAI-scheduler/pkg/apis/scheduling/v2alpha2/zz_generated.deepcopy.go:136.2,136.33 1 0
github.com/NVIDIA/KAI-scheduler/pkg/apis/scheduling/v2alpha2/zz_generated.deepcopy.go:136.33,140.3 3 0
github.com/NVIDIA/KAI-scheduler/pkg/apis/scheduling/v2alpha2/zz_generated.deepcopy.go:144.50,145.15 1 0
github.com/NVIDIA/KAI-scheduler/pkg/apis/scheduling/v2alpha2/zz_generated.deepcopy.go:145.15,147.3 1 0
github.com/NVIDIA/KAI-scheduler/pkg/apis/scheduling/v2alpha2/zz_generated.deepcopy.go:148.2,150.12 3 0
github.com/NVIDIA/KAI-scheduler/pkg/apis/scheduling/v2alpha2/zz_generated.deepcopy.go:154.61,156.26 2 0
github.com/NVIDIA/KAI-scheduler/pkg/apis/scheduling/v2alpha2/zz_generated.deepcopy.go:156.26,159.22 3 0
github.com/NVIDIA/KAI-scheduler/pkg/apis/scheduling/v2alpha2/zz_generated.deepcopy.go:159.22,161.4 1 0
github.com/NVIDIA/KAI-scheduler/pkg/apis/scheduling/v2alpha2/zz_generated.deepcopy.go:163.2,164.36 2 0
github.com/NVIDIA/KAI-scheduler/pkg/apis/scheduling/v2alpha2/zz_generated.deepcopy.go:164.36,167.22 3 0
github.com/NVIDIA/KAI-scheduler/pkg/apis/scheduling/v2alpha2/zz_generated.deepcopy.go:167.22,169.4 1 0
github.com/NVIDIA/KAI-scheduler/pkg/apis/scheduling/v2alpha2/zz_generated.deepcopy.go:174.54,175.15 1 0
github.com/NVIDIA/KAI-scheduler/pkg/apis/scheduling/v2alpha2/zz_generated.deepcopy.go:175.15,177.3 1 0
github.com/NVIDIA/KAI-scheduler/pkg/apis/scheduling/v2alpha2/zz_generated.deepcopy.go:178.2,180.12 3 0
github.com/NVIDIA/KAI-scheduler/pkg/apis/scheduling/v2alpha2/zz_generated.deepcopy.go:184.57,186.39 2 0
github.com/NVIDIA/KAI-scheduler/pkg/apis/scheduling/v2alpha2/zz_generated.deepcopy.go:186.39,189.29 3 0
github.com/NVIDIA/KAI-scheduler/pkg/apis/scheduling/v2alpha2/zz_generated.deepcopy.go:189.29,191.4 1 0
github.com/NVIDIA/KAI-scheduler/pkg/apis/scheduling/v2alpha2/zz_generated.deepcopy.go:193.2,193.38 1 0
github.com/NVIDIA/KAI-scheduler/pkg/apis/scheduling/v2alpha2/zz_generated.deepcopy.go:193.38,196.29 3 0
github.com/NVIDIA/KAI-scheduler/pkg/apis/scheduling/v2alpha2/zz_generated.deepcopy.go:196.29,198.4 1 0
github.com/NVIDIA/KAI-scheduler/pkg/apis/scheduling/v2alpha2/zz_generated.deepcopy.go:200.2,200.39 1 0
github.com/NVIDIA/KAI-scheduler/pkg/apis/scheduling/v2alpha2/zz_generated.deepcopy.go:200.39,203.29 3 0
github.com/NVIDIA/KAI-scheduler/pkg/apis/scheduling/v2alpha2/zz_generated.deepcopy.go:203.29,205.4 1 0
github.com/NVIDIA/KAI-scheduler/pkg/apis/scheduling/v2alpha2/zz_generated.deepcopy.go:207.2,207.53 1 0
github.com/NVIDIA/KAI-scheduler/pkg/apis/scheduling/v2alpha2/zz_generated.deepcopy.go:207.53,210.29 3 0
github.com/NVIDIA/KAI-scheduler/pkg/apis/scheduling/v2alpha2/zz_generated.deepcopy.go:210.29,212.4 1 0
github.com/NVIDIA/KAI-scheduler/pkg/apis/scheduling/v2alpha2/zz_generated.deepcopy.go:214.2,214.35 1 0
github.com/NVIDIA/KAI-scheduler/pkg/apis/scheduling/v2alpha2/zz_generated.deepcopy.go:214.35,217.29 3 0
github.com/NVIDIA/KAI-scheduler/pkg/apis/scheduling/v2alpha2/zz_generated.deepcopy.go:217.29,219.4 1 0
github.com/NVIDIA/KAI-scheduler/pkg/apis/scheduling/v2alpha2/zz_generated.deepcopy.go:221.2,221.42 1 0
github.com/NVIDIA/KAI-scheduler/pkg/apis/scheduling/v2alpha2/zz_generated.deepcopy.go:221.42,224.29 3 0
github.com/NVIDIA/KAI-scheduler/pkg/apis/scheduling/v2alpha2/zz_generated.deepcopy.go:224.29,226.4 1 0
github.com/NVIDIA/KAI-scheduler/pkg/apis/scheduling/v2alpha2/zz_generated.deepcopy.go:228.2,228.56 1 0
github.com/NVIDIA/KAI-scheduler/pkg/apis/scheduling/v2alpha2/zz_generated.deepcopy.go:228.56,231.29 3 0
github.com/NVIDIA/KAI-scheduler/pkg/apis/scheduling/v2alpha2/zz_generated.deepcopy.go:231.29,233.4 1 0
github.com/NVIDIA/KAI-scheduler/pkg/apis/scheduling/v2alpha2/zz_generated.deepcopy.go:238.50,239.15 1 0
github.com/NVIDIA/KAI-scheduler/pkg/apis/scheduling/v2alpha2/zz_generated.deepcopy.go:239.15,241.3 1 0
github.com/NVIDIA/KAI-scheduler/pkg/apis/scheduling/v2alpha2/zz_generated.deepcopy.go:242.2,244.12 3 0
github.com/NVIDIA/KAI-scheduler/pkg/apis/scheduling/v2alpha2/zz_generated.deepcopy.go:248.71,250.23 2 0
github.com/NVIDIA/KAI-scheduler/pkg/apis/scheduling/v2alpha2/zz_generated.deepcopy.go:250.23,253.22 3 0
github.com/NVIDIA/KAI-scheduler/pkg/apis/scheduling/v2alpha2/zz_generated.deepcopy.go:253.22,255.4 1 0
github.com/NVIDIA/KAI-scheduler/pkg/apis/scheduling/v2alpha2/zz_generated.deepcopy.go:257.2,257.61 1 0
github.com/NVIDIA/KAI-scheduler/pkg/apis/scheduling/v2alpha2/zz_generated.deepcopy.go:261.64,262.15 1 0
github.com/NVIDIA/KAI-scheduler/pkg/apis/scheduling/v2alpha2/zz_generated.deepcopy.go:262.15,264.3 1 0
github.com/NVIDIA/KAI-scheduler/pkg/apis/scheduling/v2alpha2/zz_generated.deepcopy.go:265.2,267.12 3 0
github.com/NVIDIA/KAI-scheduler/pkg/apis/scheduling/v2alpha2/zz_generated.deepcopy.go:271.81,273.23 2 0
github.com/NVIDIA/KAI-scheduler/pkg/apis/scheduling/v2alpha2/zz_generated.deepcopy.go:273.23,277.3 3 0
github.com/NVIDIA/KAI-scheduler/pkg/apis/scheduling/v2alpha2/zz_generated.deepcopy.go:281.74,282.15 1 0
github.com/NVIDIA/KAI-scheduler/pkg/apis/scheduling/v2alpha2/zz_generated.deepcopy.go:282.15,284.3 1 0
github.com/NVIDIA/KAI-scheduler/pkg/apis/scheduling/v2alpha2/zz_generated.deepcopy.go:285.2,287.12 3 0
github.com/NVIDIA/KAI-scheduler/pkg/apis/scheduling/v2alpha2/zz_generated.deepcopy.go:291.95,293.28 2 0
github.com/NVIDIA/KAI-scheduler/pkg/apis/scheduling/v2alpha2/zz_generated.deepcopy.go:293.28,297.3 3 0
github.com/NVIDIA/KAI-scheduler/pkg/apis/scheduling/v2alpha2/zz_generated.deepcopy.go:301.88,302.15 1 0
github.com/NVIDIA/KAI-scheduler/pkg/apis/scheduling/v2alpha2/zz_generated.deepcopy.go:302.15,304.3 1 0
github.com/NVIDIA/KAI-scheduler/pkg/apis/scheduling/v2alpha2/zz_generated.deepcopy.go:305.2,307.12 3 0
github.com/NVIDIA/KAI-scheduler/pkg/apis/scheduling/v2alpha2/zz_generated.deepcopy.go:311.82,312.2 1 0
github.com/NVIDIA/KAI-scheduler/pkg/apis/scheduling/v2alpha2/zz_generated.deepcopy.go:312.2,315.22 3 0
github.com/NVIDIA/KAI-scheduler/pkg/apis/scheduling/v2alpha2/zz_generated.deepcopy.go:315.22,317.4 1 0
github.com/NVIDIA/KAI-scheduler/pkg/apis/scheduling/v2alpha2/zz_generated.deepcopy.go:322.74,323.15 1 0
github.com/NVIDIA/KAI-scheduler/pkg/apis/scheduling/v2alpha2/zz_generated.deepcopy.go:323.15,325.3 1 0
github.com/NVIDIA/KAI-scheduler/pkg/apis/scheduling/v2alpha2/zz_generated.deepcopy.go:326.2,328.13 3 0
github.com/NVIDIA/KAI-scheduler/pkg/podgrouper/podgrouper/plugins/aml/aml_grouper.go:16.102,18.16 2 1
github.com/NVIDIA/KAI-scheduler/pkg/podgrouper/podgrouper/plugins/aml/aml_grouper.go:18.16,20.3 1 0
github.com/NVIDIA/KAI-scheduler/pkg/podgrouper/podgrouper/plugins/aml/aml_grouper.go:22.2,23.16 2 1
github.com/NVIDIA/KAI-scheduler/pkg/podgrouper/podgrouper/plugins/aml/aml_grouper.go:23.16,25.3 1 1
github.com/NVIDIA/KAI-scheduler/pkg/podgrouper/podgrouper/plugins/aml/aml_grouper.go:26.2,28.30 2 1
github.com/NVIDIA/KAI-scheduler/pkg/podgrouper/podgrouper/plugins/aml/aml_grouper.go:31.74,34.26 2 1
github.com/NVIDIA/KAI-scheduler/pkg/podgrouper/podgrouper/plugins/aml/aml_grouper.go:34.26,36.3 1 1
github.com/NVIDIA/KAI-scheduler/pkg/podgrouper/podgrouper/plugins/aml/aml_grouper.go:37.2,37.35 1 1
github.com/NVIDIA/KAI-scheduler/pkg/apis/scheduling/v2alpha2/groupversion_info.go:29.53,31.2 1 0
github.com/NVIDIA/KAI-scheduler/pkg/apis/scheduling/v2alpha2/podgroup_types.go:272.52,274.22 2 0
github.com/NVIDIA/KAI-scheduler/pkg/apis/scheduling/v2alpha2/podgroup_types.go:274.22,279.3 4 0
github.com/NVIDIA/KAI-scheduler/pkg/apis/scheduling/v2alpha2/podgroup_types.go:280.2,280.20 1 0
[...]
github.com/NVIDIA/KAI-scheduler/pkg/apis/scheduling/v2alpha2/zz_generated.deepcopy.go:189.29,191.4 1 0
github.com/NVIDIA/KAI-scheduler/pkg/apis/scheduling/v2alpha2/zz_generated.deepcopy.go:193.2,193.38 1 0
github.com/NVIDIA/KAI-scheduler/pkg/apis/scheduling/v2alpha2/zz_generated.deepcopy.go:193.38,196.29 3 0
github.com/NVIDIA/KAI-scheduler/pkg/apis/scheduling/v2alpha2/zz_generated.deepcopy.go:196.29,198.4 1 0
github.com/NVIDIA/KAI-scheduler/pkg/apis/scheduling/v2alpha2/zz_generated.deepcopy.go:200.2,200.39 1 0
github.com/NVIDIA/KAI-scheduler/pkg/apis/scheduling/v2alpha2/zz_generated.deepcopy.go:200.39,203.29 3 0
github.com/NVIDIA/KAI-scheduler/pkg/apis/scheduling/v2alpha2/zz_generated.deepcopy.go:203.29,205.4 1 0
github.com/NVIDIA/KAI-scheduler/pkg/apis/scheduling/v2alpha2/zz_generated.deepcopy.go:207.2,207.53 1 0
github.com/NVIDIA/KAI-scheduler/pkg/apis/scheduling/v2alpha2/zz_generated.deepcopy.go:207.53,210.29 3 0
github.com/NVIDIA/KAI-scheduler/pkg/apis/scheduling/v2alpha2/zz_generated.deepcopy.go:210.29,212.4 1 0
github.com/NVIDIA/KAI-scheduler/pkg/apis/scheduling/v2alpha2/zz_generated.deepcopy.go:214.2,214.35 1 0
github.com/NVIDIA/KAI-scheduler/pkg/apis/scheduling/v2alpha2/zz_generated.deepcopy.go:214.35,217.29 3 0
github.com/NVIDIA/KAI-scheduler/pkg/apis/scheduling/v2alpha2/zz_generated.deepcopy.go:217.29,219.4 1 0
github.com/NVIDIA/KAI-scheduler/pkg/apis/scheduling/v2alpha2/zz_generated.deepcopy.go:221.2,221.42 1 0
github.com/NVIDIA/KAI-scheduler/pkg/apis/scheduling/v2alpha2/zz_generated.deepcopy.go:221.42,224.29 3 0
github.com/NVIDIA/KAI-scheduler/pkg/apis/scheduling/v2alpha2/zz_generated.deepcopy.go:224.29,226.4 1 0
github.com/NVIDIA/KAI-scheduler/pkg/apis/scheduling/v2alpha2/zz_generated.deepcopy.go:228.2,228.56 1 0
github.com/NVIDIA/KAI-scheduler/pkg/apis/scheduling/v2alpha2/zz_generated.deepcopy.go:228.56,231.29 3 0
github.com/NVIDIA/KAI-scheduler/pkg/apis/scheduling/v2alpha2/zz_generated.deepcopy.go:231.29,233.4 1 0
github.com/NVIDIA/KAI-scheduler/pkg/apis/scheduling/v2alpha2/zz_generated.deepcopy.go:238.50,239.15 1 0
github.com/NVIDIA/KAI-scheduler/pkg/apis/scheduling/v2alpha2/zz_generated.deepcopy.go:239.15,241.3 1 0
github.com/NVIDIA/KAI-scheduler/pkg/apis/scheduling/v2alpha2/zz_generated.deepcopy.go:242.2,244.12 3 0
github.com/NVIDIA/KAI-scheduler/pkg/apis/scheduling/v2alpha2/zz_generated.deepcopy.go:248.71,250.23 2 0
github.com/NVIDIA/KAI-scheduler/pkg/apis/scheduling/v2alpha2/zz_generated.deepcopy.go:250.23,253.22 3 0
github.com/NVIDIA/KAI-scheduler/pkg/apis/scheduling/v2alpha2/zz_generated.deepcopy.go:253.22,255.4 1 0
github.com/NVIDIA/KAI-scheduler/pkg/apis/scheduling/v2alpha2/zz_generated.deepcopy.go:257.2,257.61 1 0
github.com/NVIDIA/KAI-scheduler/pkg/apis/scheduling/v2alpha2/zz_generated.deepcopy.go:261.64,262.15 1 0
github.com/NVIDIA/KAI-scheduler/pkg/apis/scheduling/v2alpha2/zz_generated.deepcopy.go:262.15,264.3 1 0
github.com/NVIDIA/KAI-scheduler/pkg/apis/scheduling/v2alpha2/zz_generated.deepcopy.go:265.2,267.12 3 0
github.com/NVIDIA/KAI-scheduler/pkg/apis/scheduling/v2alpha2/zz_generated.deepcopy.go:271.81,273.23 2 0
github.com/NVIDIA/KAI-scheduler/pkg/apis/scheduling/v2alpha2/zz_generated.deepcopy.go:273.23,277.3 3 0
github.com/NVIDIA/KAI-scheduler/pkg/apis/scheduling/v2alpha2/zz_generated.deepcopy.go:281.74,282.15 1 0
github.com/NVIDIA/KAI-scheduler/pkg/apis/scheduling/v2alpha2/zz_generated.deepcopy.go:282.15,284.3 1 0
github.com/NVIDIA/KAI-scheduler/pkg/apis/scheduling/v2alpha2/zz_generated.deepcopy.go:285.2,287.12 3 0
github.com/NVIDIA/KAI-scheduler/pkg/apis/scheduling/v2alpha2/zz_generated.deepcopy.go:291.95,293.28 2 0
github.com/NVIDIA/KAI-scheduler/pkg/apis/scheduling/v2alpha2/zz_generated.deepcopy.go:293.28,297.3 3 0
github.com/NVIDIA/KAI-scheduler/pkg/apis/scheduling/v2alpha2/zz_generated.deepcopy.go:301.88,302.15 1 0
github.com/NVIDIA/KAI-scheduler/pkg/apis/scheduling/v2alpha2/zz_generated.deepcopy.go:302.15,304.3 1 0
github.com/NVIDIA/KAI-scheduler/pkg/apis/scheduling/v2alpha2/zz_generated.deepcopy.go:305.2,307.12 3 0
github.com/NVIDIA/KAI-scheduler/pkg/apis/scheduling/v2alpha2/zz_generated.deepcopy.go:311.82,312.2 1 0
github.com/NVIDIA/KAI-scheduler/pkg/apis/scheduling/v2alpha2/zz_generated.deepcopy.go:312.2,315.22 3 0
github.com/NVIDIA/KAI-scheduler/pkg/apis/scheduling/v2alpha2/zz_generated.deepcopy.go:315.22,317.4 1 0
github.com/NVIDIA/KAI-scheduler/pkg/apis/scheduling/v2alpha2/zz_generated.deepcopy.go:322.74,323.15 1 0
github.com/NVIDIA/KAI-scheduler/pkg/apis/scheduling/v2alpha2/zz_generated.deepcopy.go:323.15,325.3 1 0
github.com/NVIDIA/KAI-scheduler/pkg/apis/scheduling/v2alpha2/zz_generated.deepcopy.go:326.2,328.13 3 0
github.com/NVIDIA/KAI-scheduler/pkg/podgrouper/pod_controller.go:62.95,68.16 5 1
github.com/NVIDIA/KAI-scheduler/pkg/podgrouper/pod_controller.go:68.16,69.29 1 0
github.com/NVIDIA/KAI-scheduler/pkg/podgrouper/pod_controller.go:69.29,72.4 2 0
github.com/NVIDIA/KAI-scheduler/pkg/podgrouper/pod_controller.go:74.3,78.9 2 0
github.com/NVIDIA/KAI-scheduler/pkg/podgrouper/pod_controller.go:81.2,81.23 1 1
github.com/NVIDIA/KAI-scheduler/pkg/podgrouper/pod_controller.go:81.23,83.3 1 0
github.com/NVIDIA/KAI-scheduler/pkg/podgrouper/pod_controller.go:85.2,85.15 1 1
github.com/NVIDIA/KAI-scheduler/pkg/podgrouper/pod_controller.go:85.15,86.17 1 1
github.com/NVIDIA/KAI-scheduler/pkg/podgrouper/pod_controller.go:86.17,88.4 1 1
github.com/NVIDIA/KAI-scheduler/pkg/podgrouper/pod_controller.go:91.2,91.40 1 1
github.com/NVIDIA/KAI-scheduler/pkg/podgrouper/pod_controller.go:91.40,93.3 1 0
github.com/NVIDIA/KAI-scheduler/pkg/podgrouper/pod_controller.go:95.2,96.16 2 1
github.com/NVIDIA/KAI-scheduler/pkg/podgrouper/pod_controller.go:96.16,99.3 2 1
github.com/NVIDIA/KAI-scheduler/pkg/podgrouper/pod_controller.go:101.2,102.16 2 0
github.com/NVIDIA/KAI-scheduler/pkg/podgrouper/pod_controller.go:102.16,105.3 2 0
github.com/NVIDIA/KAI-scheduler/pkg/podgrouper/pod_controller.go:107.2,110.16 3 0
github.com/NVIDIA/KAI-scheduler/pkg/podgrouper/pod_controller.go:110.16,113.3 2 0
github.com/NVIDIA/KAI-scheduler/pkg/podgrouper/pod_controller.go:115.2,116.16 2 0
github.com/NVIDIA/KAI-scheduler/pkg/podgrouper/pod_controller.go:116.16,119.3 2 0
github.com/NVIDIA/KAI-scheduler/pkg/podgrouper/pod_controller.go:121.2,121.27 1 0
github.com/NVIDIA/KAI-scheduler/pkg/podgrouper/pod_controller.go:125.83,140.2 5 0
github.com/NVIDIA/KAI-scheduler/pkg/podgrouper/pod_controller.go:142.116,144.31 2 0
github.com/NVIDIA/KAI-scheduler/pkg/podgrouper/pod_controller.go:144.31,146.3 1 0
github.com/NVIDIA/KAI-scheduler/pkg/podgrouper/pod_controller.go:148.2,150.33 3 0
github.com/NVIDIA/KAI-scheduler/pkg/podgrouper/pod_controller.go:150.33,154.3 2 0
github.com/NVIDIA/KAI-scheduler/pkg/podgrouper/pod_controller.go:156.2,157.30 2 0
github.com/NVIDIA/KAI-scheduler/pkg/podgrouper/pod_controller.go:157.30,161.3 2 0
github.com/NVIDIA/KAI-scheduler/pkg/podgrouper/pod_controller.go:163.2,163.16 1 0
github.com/NVIDIA/KAI-scheduler/pkg/podgrouper/pod_controller.go:163.16,165.3 1 0
github.com/NVIDIA/KAI-scheduler/pkg/podgrouper/pod_controller.go:167.2,171.59 4 0
github.com/NVIDIA/KAI-scheduler/pkg/podgrouper/pod_controller.go:174.85,175.28 1 1
github.com/NVIDIA/KAI-scheduler/pkg/podgrouper/pod_controller.go:175.28,177.3 1 1
github.com/NVIDIA/KAI-scheduler/pkg/podgrouper/pod_controller.go:179.2,179.53 1 1
github.com/NVIDIA/KAI-scheduler/pkg/podgrouper/pod_controller.go:179.53,181.3 1 1
github.com/NVIDIA/KAI-scheduler/pkg/podgrouper/pod_controller.go:183.2,183.23 1 1
github.com/NVIDIA/KAI-scheduler/pkg/podgrouper/pod_controller.go:183.23,185.3 1 1
github.com/NVIDIA/KAI-scheduler/pkg/podgrouper/pod_controller.go:187.2,187.57 1 1
github.com/NVIDIA/KAI-scheduler/pkg/podgrouper/pod_controller.go:187.57,189.3 1 1
github.com/NVIDIA/KAI-scheduler/pkg/podgrouper/pod_controller.go:192.35,194.2 1 1
github.com/NVIDIA/KAI-scheduler/pkg/podgrouper/pod_controller.go:196.69,199.53 3 1
github.com/NVIDIA/KAI-scheduler/pkg/podgrouper/pod_controller.go:199.53,203.3 2 1
github.com/NVIDIA/KAI-scheduler/pkg/podgrouper/pod_controller.go:205.2,205.14 1 1
github.com/NVIDIA/KAI-scheduler/pkg/podgrouper/podgrouper/plugins/kubeflow/jax/jax-grouper.go:20.104,22.2 1 0
github.com/NVIDIA/KAI-scheduler/pkg/podgrouper/podgrouper/plugins/kubeflow/mpi/mpi-grouper.go:20.104,23.2 1 0
github.com/NVIDIA/KAI-scheduler/pkg/podgrouper/podgrouper/plugins/kubeflow/notebook/notebook_grouper.go:15.104,17.16 2 0
github.com/NVIDIA/KAI-scheduler/pkg/podgrouper/podgrouper/plugins/kubeflow/notebook/notebook_grouper.go:17.16,19.3 1 0
github.com/NVIDIA/KAI-scheduler/pkg/podgrouper/podgrouper/plugins/kubeflow/notebook/notebook_grouper.go:20.2,21.22 2 0
github.com/NVIDIA/KAI-scheduler/pkg/podgrouper/podgrouper/plugins/kubeflow/tensorflow/tensorflow-grouper.go:18.104,20.2 1 0
github.com/NVIDIA/KAI-scheduler/pkg/podgrouper/podgrouper/plugins/kubeflow/xgboost/xgboost-grouper.go:20.104,22.2 1 0
github.com/NVIDIA/KAI-scheduler/pkg/podgrouper/podgrouper/plugins/podjob/podjob.go:15.104,16.27 1 0
github.com/NVIDIA/KAI-scheduler/pkg/podgrouper/podgrouper/plugins/podjob/podjob.go:16.27,18.3 1 0
github.com/NVIDIA/KAI-scheduler/pkg/podgrouper/podgrouper/plugins/podjob/podjob.go:19.2,19.51 1 0
github.com/NVIDIA/KAI-scheduler/pkg/podgrouper/topowner/metadata.go:20.72,29.2 2 0
github.com/NVIDIA/KAI-scheduler/pkg/podgrouper/topowner/metadata.go:31.51,34.2 2 1
github.com/NVIDIA/KAI-scheduler/pkg/apis/scheduling/v2alpha2/groupversion_info.go:29.53,31.2 1 0
github.com/NVIDIA/KAI-scheduler/pkg/apis/scheduling/v2alpha2/podgroup_types.go:272.52,274.22 2 0
github.com/NVIDIA/KAI-scheduler/pkg/apis/scheduling/v2alpha2/podgroup_types.go:274.22,279.3 4 0
github.com/NVIDIA/KAI-scheduler/pkg/apis/scheduling/v2alpha2/podgroup_types.go:280.2,280.20 1 0
github.com/NVIDIA/KAI-scheduler/pkg/apis/scheduling/v2alpha2/podgroup_types.go:283.13,285.2 1 1
github.com/NVIDIA/KAI-scheduler/pkg/apis/scheduling/v2alpha2/zz_generated.deepcopy.go:18.49,24.2 5 0
github.com/NVIDIA/KAI-scheduler/pkg/apis/scheduling/v2alpha2/zz_generated.deepcopy.go:27.42,28.15 1 0
github.com/NVIDIA/KAI-scheduler/pkg/apis/scheduling/v2alpha2/zz_generated.deepcopy.go:28.15,30.3 1 0
github.com/NVIDIA/KAI-scheduler/pkg/apis/scheduling/v2alpha2/zz_generated.deepcopy.go:31.2,33.12 3 0
github.com/NVIDIA/KAI-scheduler/pkg/apis/scheduling/v2alpha2/zz_generated.deepcopy.go:37.53,38.34 1 0
github.com/NVIDIA/KAI-scheduler/pkg/apis/scheduling/v2alpha2/zz_generated.deepcopy.go:38.34,40.3 1 0
github.com/NVIDIA/KAI-scheduler/pkg/apis/scheduling/v2alpha2/zz_generated.deepcopy.go:41.2,41.12 1 0
github.com/NVIDIA/KAI-scheduler/pkg/apis/scheduling/v2alpha2/zz_generated.deepcopy.go:45.67,48.2 2 0
github.com/NVIDIA/KAI-scheduler/pkg/apis/scheduling/v2alpha2/zz_generated.deepcopy.go:51.60,52.15 1 0
github.com/NVIDIA/KAI-scheduler/pkg/apis/scheduling/v2alpha2/zz_generated.deepcopy.go:52.15,54.3 1 0
github.com/NVIDIA/KAI-scheduler/pkg/apis/scheduling/v2alpha2/zz_generated.deepcopy.go:55.2,57.12 3 0
github.com/NVIDIA/KAI-scheduler/pkg/apis/scheduling/v2alpha2/zz_generated.deepcopy.go:61.57,65.21 4 0
github.com/NVIDIA/KAI-scheduler/pkg/apis/scheduling/v2alpha2/zz_generated.deepcopy.go:65.21,68.22 3 0
github.com/NVIDIA/KAI-scheduler/pkg/apis/scheduling/v2alpha2/zz_generated.deepcopy.go:68.22,70.4 1 0
github.com/NVIDIA/KAI-scheduler/pkg/apis/scheduling/v2alpha2/zz_generated.deepcopy.go:75.50,76.15 1 0
github.com/NVIDIA/KAI-scheduler/pkg/apis/scheduling/v2alpha2/zz_generated.deepcopy.go:76.15,78.3 1 0
github.com/NVIDIA/KAI-scheduler/pkg/apis/scheduling/v2alpha2/zz_generated.deepcopy.go:79.2,81.12 3 0
github.com/NVIDIA/KAI-scheduler/pkg/apis/scheduling/v2alpha2/zz_generated.deepcopy.go:85.57,86.34 1 0
github.com/NVIDIA/KAI-scheduler/pkg/apis/scheduling/v2alpha2/zz_generated.deepcopy.go:86.34,88.3 1 0
github.com/NVIDIA/KAI-scheduler/pkg/apis/scheduling/v2alpha2/zz_generated.deepcopy.go:89.2,89.12 1 0
github.com/NVIDIA/KAI-scheduler/pkg/apis/scheduling/v2alpha2/zz_generated.deepcopy.go:93.79,95.25 2 0
github.com/NVIDIA/KAI-scheduler/pkg/apis/scheduling/v2alpha2/zz_generated.deepcopy.go:95.25,98.29 3 0
github.com/NVIDIA/KAI-scheduler/pkg/apis/scheduling/v2alpha2/zz_generated.deepcopy.go:98.29,100.4 1 0
github.com/NVIDIA/KAI-scheduler/pkg/apis/scheduling/v2alpha2/zz_generated.deepcopy.go:102.2,102.39 1 0
github.com/NVIDIA/KAI-scheduler/pkg/apis/scheduling/v2alpha2/zz_generated.deepcopy.go:102.39,105.29 3 0
github.com/NVIDIA/KAI-scheduler/pkg/apis/scheduling/v2alpha2/zz_generated.deepcopy.go:105.29,107.4 1 0
github.com/NVIDIA/KAI-scheduler/pkg/apis/scheduling/v2alpha2/zz_generated.deepcopy.go:109.2,109.25 1 0
github.com/NVIDIA/KAI-scheduler/pkg/apis/scheduling/v2alpha2/zz_generated.deepcopy.go:109.25,112.29 3 0
github.com/NVIDIA/KAI-scheduler/pkg/apis/scheduling/v2alpha2/zz_generated.deepcopy.go:112.29,114.4 1 0
github.com/NVIDIA/KAI-scheduler/pkg/apis/scheduling/v2alpha2/zz_generated.deepcopy.go:119.72,120.15 1 0
github.com/NVIDIA/KAI-scheduler/pkg/apis/scheduling/v2alpha2/zz_generated.deepcopy.go:120.15,122.3 1 0
github.com/NVIDIA/KAI-scheduler/pkg/apis/scheduling/v2alpha2/zz_generated.deepcopy.go:123.2,125.12 3 0
github.com/NVIDIA/KAI-scheduler/pkg/apis/scheduling/v2alpha2/zz_generated.deepcopy.go:129.57,131.33 2 0
github.com/NVIDIA/KAI-scheduler/pkg/apis/scheduling/v2alpha2/zz_generated.deepcopy.go:131.33,135.3 3 0
github.com/NVIDIA/KAI-scheduler/pkg/apis/scheduling/v2alpha2/zz_generated.deepcopy.go:136.2,136.33 1 0
github.com/NVIDIA/KAI-scheduler/pkg/apis/scheduling/v2alpha2/zz_generated.deepcopy.go:136.33,140.3 3 0
github.com/NVIDIA/KAI-scheduler/pkg/apis/scheduling/v2alpha2/zz_generated.deepcopy.go:144.50,145.15 1 0
github.com/NVIDIA/KAI-scheduler/pkg/apis/scheduling/v2alpha2/zz_generated.deepcopy.go:145.15,147.3 1 0
github.com/NVIDIA/KAI-scheduler/pkg/apis/scheduling/v2alpha2/zz_generated.deepcopy.go:148.2,150.12 3 0
github.com/NVIDIA/KAI-scheduler/pkg/apis/scheduling/v2alpha2/zz_generated.deepcopy.go:154.61,156.26 2 0
github.com/NVIDIA/KAI-scheduler/pkg/apis/scheduling/v2alpha2/zz_generated.deepcopy.go:156.26,159.22 3 0
github.com/NVIDIA/KAI-scheduler/pkg/apis/scheduling/v2alpha2/zz_generated.deepcopy.go:159.22,161.4 1 0
github.com/NVIDIA/KAI-scheduler/pkg/apis/scheduling/v2alpha2/zz_generated.deepcopy.go:163.2,164.36 2 0
github.com/NVIDIA/KAI-scheduler/pkg/apis/scheduling/v2alpha2/zz_generated.deepcopy.go:164.36,167.22 3 0
github.com/NVIDIA/KAI-scheduler/pkg/apis/scheduling/v2alpha2/zz_generated.deepcopy.go:167.22,169.4 1 0
github.com/NVIDIA/KAI-scheduler/pkg/apis/scheduling/v2alpha2/zz_generated.deepcopy.go:174.54,175.15 1 0
github.com/NVIDIA/KAI-scheduler/pkg/apis/scheduling/v2alpha2/zz_generated.deepcopy.go:175.15,177.3 1 0
github.com/NVIDIA/KAI-scheduler/pkg/apis/scheduling/v2alpha2/zz_generated.deepcopy.go:178.2,180.12 3 0
github.com/NVIDIA/KAI-scheduler/pkg/apis/scheduling/v2alpha2/zz_generated.deepcopy.go:184.57,186.39 2 0
github.com/NVIDIA/KAI-scheduler/pkg/apis/scheduling/v2alpha2/zz_generated.deepcopy.go:186.39,189.29 3 0
github.com/NVIDIA/KAI-scheduler/pkg/apis/scheduling/v2alpha2/zz_generated.deepcopy.go:189.29,191.4 1 0
github.com/NVIDIA/KAI-scheduler/pkg/apis/scheduling/v2alpha2/zz_generated.deepcopy.go:193.2,193.38 1 0
github.com/NVIDIA/KAI-scheduler/pkg/apis/scheduling/v2alpha2/zz_generated.deepcopy.go:193.38,196.29 3 0
github.com/NVIDIA/KAI-scheduler/pkg/apis/scheduling/v2alpha2/zz_generated.deepcopy.go:196.29,198.4 1 0
github.com/NVIDIA/KAI-scheduler/pkg/apis/scheduling/v2alpha2/zz_generated.deepcopy.go:200.2,200.39 1 0
github.com/NVIDIA/KAI-scheduler/pkg/apis/scheduling/v2alpha2/zz_generated.deepcopy.go:200.39,203.29 3 0
github.com/NVIDIA/KAI-scheduler/pkg/apis/scheduling/v2alpha2/zz_generated.deepcopy.go:203.29,205.4 1 0
github.com/NVIDIA/KAI-scheduler/pkg/apis/scheduling/v2alpha2/zz_generated.deepcopy.go:207.2,207.53 1 0
github.com/NVIDIA/KAI-scheduler/pkg/apis/scheduling/v2alpha2/zz_generated.deepcopy.go:207.53,210.29 3 0
github.com/NVIDIA/KAI-scheduler/pkg/apis/scheduling/v2alpha2/zz_generated.deepcopy.go:210.29,212.4 1 0
github.com/NVIDIA/KAI-scheduler/pkg/apis/scheduling/v2alpha2/zz_generated.deepcopy.go:214.2,214.35 1 0
github.com/NVIDIA/KAI-scheduler/pkg/apis/scheduling/v2alpha2/zz_generated.deepcopy.go:214.35,217.29 3 0
github.com/NVIDIA/KAI-scheduler/pkg/apis/scheduling/v2alpha2/zz_generated.deepcopy.go:217.29,219.4 1 0
github.com/NVIDIA/KAI-scheduler/pkg/apis/scheduling/v2alpha2/zz_generated.deepcopy.go:221.2,221.42 1 0
github.com/NVIDIA/KAI-scheduler/pkg/apis/scheduling/v2alpha2/zz_generated.deepcopy.go:221.42,224.29 3 0
github.com/NVIDIA/KAI-scheduler/pkg/apis/scheduling/v2alpha2/zz_generated.deepcopy.go:224.29,226.4 1 0
github.com/NVIDIA/KAI-scheduler/pkg/apis/scheduling/v2alpha2/zz_generated.deepcopy.go:228.2,228.56 1 0
github.com/NVIDIA/KAI-scheduler/pkg/apis/scheduling/v2alpha2/zz_generated.deepcopy.go:228.56,231.29 3 0
github.com/NVIDIA/KAI-scheduler/pkg/apis/scheduling/v2alpha2/zz_generated.deepcopy.go:231.29,233.4 1 0
github.com/NVIDIA/KAI-scheduler/pkg/apis/scheduling/v2alpha2/zz_generated.deepcopy.go:238.50,239.15 1 0
github.com/NVIDIA/KAI-scheduler/pkg/apis/scheduling/v2alpha2/zz_generated.deepcopy.go:239.15,241.3 1 0
github.com/NVIDIA/KAI-scheduler/pkg/apis/scheduling/v2alpha2/zz_generated.deepcopy.go:242.2,244.12 3 0
github.com/NVIDIA/KAI-scheduler/pkg/apis/scheduling/v2alpha2/zz_generated.deepcopy.go:248.71,250.23 2 0
github.com/NVIDIA/KAI-scheduler/pkg/apis/scheduling/v2alpha2/zz_generated.deepcopy.go:250.23,253.22 3 0
github.com/NVIDIA/KAI-scheduler/pkg/apis/scheduling/v2alpha2/zz_generated.deepcopy.go:253.22,255.4 1 0
github.com/NVIDIA/KAI-scheduler/pkg/apis/scheduling/v2alpha2/zz_generated.deepcopy.go:257.2,257.61 1 0
github.com/NVIDIA/KAI-scheduler/pkg/apis/scheduling/v2alpha2/zz_generated.deepcopy.go:261.64,262.15 1 0
github.com/NVIDIA/KAI-scheduler/pkg/apis/scheduling/v2alpha2/zz_generated.deepcopy.go:262.15,264.3 1 0
github.com/NVIDIA/KAI-scheduler/pkg/apis/scheduling/v2alpha2/zz_generated.deepcopy.go:265.2,267.12 3 0
github.com/NVIDIA/KAI-scheduler/pkg/apis/scheduling/v2alpha2/zz_generated.deepcopy.go:271.81,273.23 2 0
github.com/NVIDIA/KAI-scheduler/pkg/apis/scheduling/v2alpha2/zz_generated.deepcopy.go:273.23,277.3 3 0
github.com/NVIDIA/KAI-scheduler/pkg/apis/scheduling/v2alpha2/zz_generated.deepcopy.go:281.74,282.15 1 0
github.com/NVIDIA/KAI-scheduler/pkg/apis/scheduling/v2alpha2/zz_generated.deepcopy.go:282.15,284.3 1 0
github.com/NVIDIA/KAI-scheduler/pkg/apis/scheduling/v2alpha2/zz_generated.deepcopy.go:285.2,287.12 3 0
github.com/NVIDIA/KAI-scheduler/pkg/apis/scheduling/v2alpha2/zz_generated.deepcopy.go:291.95,293.28 2 0
github.com/NVIDIA/KAI-scheduler/pkg/apis/scheduling/v2alpha2/zz_generated.deepcopy.go:293.28,297.3 3 0
github.com/NVIDIA/KAI-scheduler/pkg/apis/scheduling/v2alpha2/zz_generated.deepcopy.go:301.88,302.15 1 0
github.com/NVIDIA/KAI-scheduler/pkg/apis/scheduling/v2alpha2/zz_generated.deepcopy.go:302.15,304.3 1 0
github.com/NVIDIA/KAI-scheduler/pkg/apis/scheduling/v2alpha2/zz_generated.deepcopy.go:305.2,307.12 3 0
github.com/NVIDIA/KAI-scheduler/pkg/apis/scheduling/v2alpha2/zz_generated.deepcopy.go:311.82,312.2 1 0
github.com/NVIDIA/KAI-scheduler/pkg/apis/scheduling/v2alpha2/zz_generated.deepcopy.go:312.2,315.22 3 0
github.com/NVIDIA/KAI-scheduler/pkg/apis/scheduling/v2alpha2/zz_generated.deepcopy.go:315.22,317.4 1 0
github.com/NVIDIA/KAI-scheduler/pkg/apis/scheduling/v2alpha2/zz_generated.deepcopy.go:322.74,323.15 1 0
github.com/NVIDIA/KAI-scheduler/pkg/apis/scheduling/v2alpha2/zz_generated.deepcopy.go:323.15,325.3 1 0
github.com/NVIDIA/KAI-scheduler/pkg/apis/scheduling/v2alpha2/zz_generated.deepcopy.go:326.2,328.13 3 0
github.com/NVIDIA/KAI-scheduler/pkg/podgrouper/podgrouper/plugins/spotrequest/spotrequest.go:14.104,16.16 2 1
github.com/NVIDIA/KAI-scheduler/pkg/podgrouper/podgrouper/plugins/spotrequest/spotrequest.go:16.16,18.3 1 0
github.com/NVIDIA/KAI-scheduler/pkg/podgrouper/podgrouper/plugins/spotrequest/spotrequest.go:20.2,22.24 2 1
